#
# There is insufficient memory for the Java Runtime Environment to continue.
# Native memory allocation (malloc) failed to allocate 1418160 bytes for Chunk::new
# Possible reasons:
#   The system is out of physical RAM or swap space
#   The process is running with CompressedOops enabled, and the Java Heap may be blocking the growth of the native heap
# Possible solutions:
#   Reduce memory load on the system
#   Increase physical memory or swap space
#   Check if swap backing store is full
#   Decrease Java heap size (-Xmx/-Xms)
#   Decrease number of Java threads
#   Decrease Java thread stack sizes (-Xss)
#   Set larger code cache with -XX:ReservedCodeCacheSize=
#   JVM is running with Unscaled Compressed Oops mode in which the Java heap is
#     placed in the first 4GB address space. The Java Heap base address is the
#     maximum limit for the native heap growth. Please use -XX:HeapBaseMinAddress
#     to set the Java Heap base and to place the Java Heap above 4GB virtual address.
# This output file may be truncated or incomplete.
#
#  Out of Memory Error (allocation.cpp:389), pid=12136, tid=0x0000000000002e3c
#
# JRE version: Java(TM) SE Runtime Environment (8.0_291-b10) (build 1.8.0_291-b10)
# Java VM: Java HotSpot(TM) 64-Bit Server VM (25.291-b10 mixed mode windows-amd64 compressed oops)
# Failed to write core dump. Minidumps are not enabled by default on client versions of Windows
#

---------------  T H R E A D  ---------------

Current thread (0x00000257fab37800):  JavaThread "C2 CompilerThread0" daemon [_thread_in_native, id=11836, stack(0x00000085b3300000,0x00000085b3400000)]

Stack: [0x00000085b3300000,0x00000085b3400000]
Native frames: (J=compiled Java code, j=interpreted, Vv=VM code, C=native code)
V  [jvm.dll+0x32ea19]
V  [jvm.dll+0x275462]
V  [jvm.dll+0x27610d]
V  [jvm.dll+0x26cb45]
V  [jvm.dll+0xd524c]
V  [jvm.dll+0xd5a4c]
V  [jvm.dll+0x46fd95]
V  [jvm.dll+0x437850]
V  [jvm.dll+0x440855]
V  [jvm.dll+0x43fc15]
V  [jvm.dll+0x42aa57]
V  [jvm.dll+0xabeeb]
V  [jvm.dll+0xaa54b]
V  [jvm.dll+0x23db02]
V  [jvm.dll+0x29210c]
C  [ucrtbase.dll+0x21bb2]
C  [KERNEL32.DLL+0x17034]
C  [ntdll.dll+0x52651]


Current CompileTask:
C2:   4120 1790       4       java.net.URLClassLoader$1::run (5 bytes)


---------------  P R O C E S S  ---------------

Java Threads: ( => current thread )
  0x00000257fd3ff000 JavaThread "ForkJoinPool.commonPool-worker-3" daemon [_thread_blocked, id=360, stack(0x00000085b3e00000,0x00000085b3f00000)]
  0x00000257fd3fe000 JavaThread "ForkJoinPool.commonPool-worker-2" daemon [_thread_blocked, id=7676, stack(0x00000085b3d00000,0x00000085b3e00000)]
  0x00000257fd3fa800 JavaThread "ForkJoinPool.commonPool-worker-1" daemon [_thread_blocked, id=11996, stack(0x00000085b3c00000,0x00000085b3d00000)]
  0x00000257fcc01800 JavaThread "/127.0.0.1:50868 to /127.0.0.1:50867 workers Thread 3" [_thread_in_native, id=4076, stack(0x00000085b3b00000,0x00000085b3c00000)]
  0x00000257fcc00800 JavaThread "/127.0.0.1:50868 to /127.0.0.1:50867 workers Thread 2" [_thread_blocked, id=7296, stack(0x00000085b3a00000,0x00000085b3b00000)]
  0x00000257fc18f000 JavaThread "Test worker" [_thread_in_Java, id=15104, stack(0x00000085b3900000,0x00000085b3a00000)]
  0x00000257fabb5000 JavaThread "Service Thread" daemon [_thread_blocked, id=12688, stack(0x00000085b3600000,0x00000085b3700000)]
  0x00000257fab43800 JavaThread "C1 CompilerThread2" daemon [_thread_in_native, id=8284, stack(0x00000085b3500000,0x00000085b3600000)]
  0x00000257fab42000 JavaThread "C2 CompilerThread1" daemon [_thread_in_native, id=9232, stack(0x00000085b3400000,0x00000085b3500000)]
=>0x00000257fab37800 JavaThread "C2 CompilerThread0" daemon [_thread_in_native, id=11836, stack(0x00000085b3300000,0x00000085b3400000)]
  0x00000257fab32000 JavaThread "Attach Listener" daemon [_thread_blocked, id=5252, stack(0x00000085b3200000,0x00000085b3300000)]
  0x00000257fab31000 JavaThread "Signal Dispatcher" daemon [_thread_blocked, id=6416, stack(0x00000085b3100000,0x00000085b3200000)]
  0x00000257fa366000 JavaThread "Finalizer" daemon [_thread_blocked, id=4308, stack(0x00000085b3000000,0x00000085b3100000)]
  0x00000257faaa6000 JavaThread "Reference Handler" daemon [_thread_blocked, id=15720, stack(0x00000085b2f00000,0x00000085b3000000)]
  0x00000257e7b2e800 JavaThread "main" [_thread_blocked, id=7736, stack(0x00000085b2900000,0x00000085b2a00000)]

Other Threads:
  0x00000257faa81800 VMThread [stack: 0x00000085b2e00000,0x00000085b2f00000] [id=13592]
  0x00000257fabd9000 WatcherThread [stack: 0x00000085b3700000,0x00000085b3800000] [id=12076]

VM state:not at safepoint (normal execution)

VM Mutex/Monitor currently owned by a thread:  ([mutex/lock_event])
[0x00000257e7b2bb30] CodeCache_lock - owner thread: 0x0000000000000000

heap address: 0x00000000e0000000, size: 512 MB, Compressed Oops mode: 32-bit
Narrow klass base: 0x0000000000000000, Narrow klass shift: 3
Compressed class space size: 1073741824 Address: 0x0000000100000000

Heap:
 PSYoungGen      total 71680K, used 29081K [0x00000000f5580000, 0x00000000fe180000, 0x0000000100000000)
  eden space 65024K, 46% used [0x00000000f5580000,0x00000000f7310c88,0x00000000f9500000)
  from space 6656K, 0% used [0x00000000f9500000,0x00000000f9500000,0x00000000f9b80000)
  to   space 6656K, 0% used [0x00000000fdb00000,0x00000000fdb00000,0x00000000fe180000)
 ParOldGen       total 30208K, used 7797K [0x00000000e0000000, 0x00000000e1d80000, 0x00000000f5580000)
  object space 30208K, 25% used [0x00000000e0000000,0x00000000e079d670,0x00000000e1d80000)
 Metaspace       used 23104K, capacity 23664K, committed 23984K, reserved 1071104K
  class space    used 3008K, capacity 3170K, committed 3248K, reserved 1048576K

Card table byte_map: [0x00000257f87a0000,0x00000257f88b0000] byte_map_base: 0x00000257f80a0000

Marking Bits: (ParMarkBitMap*) 0x0000000066d07fe0
 Begin Bits: [0x00000257f8960000, 0x00000257f9160000)
 End Bits:   [0x00000257f9160000, 0x00000257f9960000)

Polling page: 0x00000257e93b0000

CodeCache: size=245760Kb used=6719Kb max_used=6719Kb free=239040Kb
 bounds [0x00000257e93e0000, 0x00000257e9a80000, 0x00000257f83e0000]
 total_blobs=2316 nmethods=1913 adapters=315
 compilation: enabled

Compilation events (10 events):
Event: 3.975 Thread 0x00000257fab43800 1915       2       java.io.FileInputStream::read (8 bytes)
Event: 3.975 Thread 0x00000257fab43800 nmethod 1915 0x00000257e9a6d6d0 code [0x00000257e9a6d840, 0x00000257e9a6d9b0]
Event: 3.989 Thread 0x00000257fab43800 1916       2       java.io.FileInputStream::available (5 bytes)
Event: 3.989 Thread 0x00000257fab43800 nmethod 1916 0x00000257e9a6de10 code [0x00000257e9a6df80, 0x00000257e9a6e0f0]
Event: 3.990 Thread 0x00000257fab43800 1918       2       java.io.BufferedInputStream::getInIfOpen (21 bytes)
Event: 3.991 Thread 0x00000257fab43800 nmethod 1918 0x00000257e9a6e190 code [0x00000257e9a6e300, 0x00000257e9a6e510]
Event: 3.991 Thread 0x00000257fab43800 1919       2       java.io.BufferedInputStream::fill (233 bytes)
Event: 3.992 Thread 0x00000257fab43800 nmethod 1919 0x00000257e9a6e5d0 code [0x00000257e9a6e7c0, 0x00000257e9a6efe0]
Event: 4.023 Thread 0x00000257fab43800 1922       2       java.util.TreeMap$KeyIterator::next (8 bytes)
Event: 4.023 Thread 0x00000257fab43800 nmethod 1922 0x00000257e9a6f390 code [0x00000257e9a6f500, 0x00000257e9a6f690]

GC Heap History (10 events):
Event: 2.386 GC heap before
{Heap before GC invocations=4 (full 0):
 PSYoungGen      total 18944K, used 18934K [0x00000000f5580000, 0x00000000f7a80000, 0x0000000100000000)
  eden space 16384K, 100% used [0x00000000f5580000,0x00000000f6580000,0x00000000f6580000)
  from space 2560K, 99% used [0x00000000f6580000,0x00000000f67fdbc0,0x00000000f6800000)
  to   space 2560K, 0% used [0x00000000f7800000,0x00000000f7800000,0x00000000f7a80000)
 ParOldGen       total 44032K, used 5278K [0x00000000e0000000, 0x00000000e2b00000, 0x00000000f5580000)
  object space 44032K, 11% used [0x00000000e0000000,0x00000000e0527af8,0x00000000e2b00000)
 Metaspace       used 14534K, capacity 14854K, committed 15104K, reserved 1062912K
  class space    used 1835K, capacity 1937K, committed 2048K, reserved 1048576K
Event: 2.393 GC heap after
Heap after GC invocations=4 (full 0):
 PSYoungGen      total 35328K, used 2534K [0x00000000f5580000, 0x00000000f7a80000, 0x0000000100000000)
  eden space 32768K, 0% used [0x00000000f5580000,0x00000000f5580000,0x00000000f7580000)
  from space 2560K, 99% used [0x00000000f7800000,0x00000000f7a79bb0,0x00000000f7a80000)
  to   space 2560K, 0% used [0x00000000f7580000,0x00000000f7580000,0x00000000f7800000)
 ParOldGen       total 44032K, used 6868K [0x00000000e0000000, 0x00000000e2b00000, 0x00000000f5580000)
  object space 44032K, 15% used [0x00000000e0000000,0x00000000e06b5090,0x00000000e2b00000)
 Metaspace       used 14534K, capacity 14854K, committed 15104K, reserved 1062912K
  class space    used 1835K, capacity 1937K, committed 2048K, reserved 1048576K
}
Event: 2.873 GC heap before
{Heap before GC invocations=5 (full 0):
 PSYoungGen      total 35328K, used 35302K [0x00000000f5580000, 0x00000000f7a80000, 0x0000000100000000)
  eden space 32768K, 100% used [0x00000000f5580000,0x00000000f7580000,0x00000000f7580000)
  from space 2560K, 99% used [0x00000000f7800000,0x00000000f7a79bb0,0x00000000f7a80000)
  to   space 2560K, 0% used [0x00000000f7580000,0x00000000f7580000,0x00000000f7800000)
 ParOldGen       total 44032K, used 6868K [0x00000000e0000000, 0x00000000e2b00000, 0x00000000f5580000)
  object space 44032K, 15% used [0x00000000e0000000,0x00000000e06b5090,0x00000000e2b00000)
 Metaspace       used 17565K, capacity 17888K, committed 18048K, reserved 1064960K
  class space    used 2280K, capacity 2370K, committed 2432K, reserved 1048576K
Event: 2.879 GC heap after
Heap after GC invocations=5 (full 0):
 PSYoungGen      total 35328K, used 2550K [0x00000000f5580000, 0x00000000fa180000, 0x0000000100000000)
  eden space 32768K, 0% used [0x00000000f5580000,0x00000000f5580000,0x00000000f7580000)
  from space 2560K, 99% used [0x00000000f7580000,0x00000000f77fd888,0x00000000f7800000)
  to   space 6144K, 0% used [0x00000000f9b80000,0x00000000f9b80000,0x00000000fa180000)
 ParOldGen       total 44032K, used 10196K [0x00000000e0000000, 0x00000000e2b00000, 0x00000000f5580000)
  object space 44032K, 23% used [0x00000000e0000000,0x00000000e09f51b0,0x00000000e2b00000)
 Metaspace       used 17565K, capacity 17888K, committed 18048K, reserved 1064960K
  class space    used 2280K, capacity 2370K, committed 2432K, reserved 1048576K
}
Event: 3.446 GC heap before
{Heap before GC invocations=6 (full 0):
 PSYoungGen      total 35328K, used 35318K [0x00000000f5580000, 0x00000000fa180000, 0x0000000100000000)
  eden space 32768K, 100% used [0x00000000f5580000,0x00000000f7580000,0x00000000f7580000)
  from space 2560K, 99% used [0x00000000f7580000,0x00000000f77fd888,0x00000000f7800000)
  to   space 6144K, 0% used [0x00000000f9b80000,0x00000000f9b80000,0x00000000fa180000)
 ParOldGen       total 44032K, used 10196K [0x00000000e0000000, 0x00000000e2b00000, 0x00000000f5580000)
  object space 44032K, 23% used [0x00000000e0000000,0x00000000e09f51b0,0x00000000e2b00000)
 Metaspace       used 20674K, capacity 21088K, committed 21296K, reserved 1067008K
  class space    used 2709K, capacity 2842K, committed 2864K, reserved 1048576K
Event: 3.452 GC heap after
Heap after GC invocations=6 (full 0):
 PSYoungGen      total 71168K, used 5614K [0x00000000f5580000, 0x00000000fa280000, 0x0000000100000000)
  eden space 65024K, 0% used [0x00000000f5580000,0x00000000f5580000,0x00000000f9500000)
  from space 6144K, 91% used [0x00000000f9b80000,0x00000000fa0fba90,0x00000000fa180000)
  to   space 6656K, 0% used [0x00000000f9500000,0x00000000f9500000,0x00000000f9b80000)
 ParOldGen       total 44032K, used 10204K [0x00000000e0000000, 0x00000000e2b00000, 0x00000000f5580000)
  object space 44032K, 23% used [0x00000000e0000000,0x00000000e09f71b0,0x00000000e2b00000)
 Metaspace       used 20674K, capacity 21088K, committed 21296K, reserved 1067008K
  class space    used 2709K, capacity 2842K, committed 2864K, reserved 1048576K
}
Event: 3.465 GC heap before
{Heap before GC invocations=7 (full 0):
 PSYoungGen      total 71168K, used 6808K [0x00000000f5580000, 0x00000000fa280000, 0x0000000100000000)
  eden space 65024K, 1% used [0x00000000f5580000,0x00000000f56aa688,0x00000000f9500000)
  from space 6144K, 91% used [0x00000000f9b80000,0x00000000fa0fba90,0x00000000fa180000)
  to   space 6656K, 0% used [0x00000000f9500000,0x00000000f9500000,0x00000000f9b80000)
 ParOldGen       total 44032K, used 10204K [0x00000000e0000000, 0x00000000e2b00000, 0x00000000f5580000)
  object space 44032K, 23% used [0x00000000e0000000,0x00000000e09f71b0,0x00000000e2b00000)
 Metaspace       used 20848K, capacity 21216K, committed 21296K, reserved 1067008K
  class space    used 2724K, capacity 2842K, committed 2864K, reserved 1048576K
Event: 3.469 GC heap after
Heap after GC invocations=7 (full 0):
 PSYoungGen      total 71680K, used 2244K [0x00000000f5580000, 0x00000000fe180000, 0x0000000100000000)
  eden space 65024K, 0% used [0x00000000f5580000,0x00000000f5580000,0x00000000f9500000)
  from space 6656K, 33% used [0x00000000f9500000,0x00000000f9731028,0x00000000f9b80000)
  to   space 6656K, 0% used [0x00000000fdb00000,0x00000000fdb00000,0x00000000fe180000)
 ParOldGen       total 44032K, used 11799K [0x00000000e0000000, 0x00000000e2b00000, 0x00000000f5580000)
  object space 44032K, 26% used [0x00000000e0000000,0x00000000e0b85ea8,0x00000000e2b00000)
 Metaspace       used 20848K, capacity 21216K, committed 21296K, reserved 1067008K
  class space    used 2724K, capacity 2842K, committed 2864K, reserved 1048576K
}
Event: 3.469 GC heap before
{Heap before GC invocations=8 (full 1):
 PSYoungGen      total 71680K, used 2244K [0x00000000f5580000, 0x00000000fe180000, 0x0000000100000000)
  eden space 65024K, 0% used [0x00000000f5580000,0x00000000f5580000,0x00000000f9500000)
  from space 6656K, 33% used [0x00000000f9500000,0x00000000f9731028,0x00000000f9b80000)
  to   space 6656K, 0% used [0x00000000fdb00000,0x00000000fdb00000,0x00000000fe180000)
 ParOldGen       total 44032K, used 11799K [0x00000000e0000000, 0x00000000e2b00000, 0x00000000f5580000)
  object space 44032K, 26% used [0x00000000e0000000,0x00000000e0b85ea8,0x00000000e2b00000)
 Metaspace       used 20848K, capacity 21216K, committed 21296K, reserved 1067008K
  class space    used 2724K, capacity 2842K, committed 2864K, reserved 1048576K
Event: 3.506 GC heap after
Heap after GC invocations=8 (full 1):
 PSYoungGen      total 71680K, used 0K [0x00000000f5580000, 0x00000000fe180000, 0x0000000100000000)
  eden space 65024K, 0% used [0x00000000f5580000,0x00000000f5580000,0x00000000f9500000)
  from space 6656K, 0% used [0x00000000f9500000,0x00000000f9500000,0x00000000f9b80000)
  to   space 6656K, 0% used [0x00000000fdb00000,0x00000000fdb00000,0x00000000fe180000)
 ParOldGen       total 30208K, used 7797K [0x00000000e0000000, 0x00000000e1d80000, 0x00000000f5580000)
  object space 30208K, 25% used [0x00000000e0000000,0x00000000e079d670,0x00000000e1d80000)
 Metaspace       used 20848K, capacity 21216K, committed 21296K, reserved 1067008K
  class space    used 2724K, capacity 2842K, committed 2864K, reserved 1048576K
}

Deoptimization events (10 events):
Event: 3.675 Thread 0x00000257fc18f000 Uncommon trap: reason=bimorphic action=maybe_recompile pc=0x00000257e9799380 method=java.util.HashMap.putVal(ILjava/lang/Object;Ljava/lang/Object;ZZ)Ljava/lang/Object; @ 203
Event: 3.675 Thread 0x00000257fc18f000 Uncommon trap: reason=bimorphic action=maybe_recompile pc=0x00000257e9799380 method=java.util.HashMap.putVal(ILjava/lang/Object;Ljava/lang/Object;ZZ)Ljava/lang/Object; @ 203
Event: 3.675 Thread 0x00000257fc18f000 Uncommon trap: reason=bimorphic action=maybe_recompile pc=0x00000257e9799380 method=java.util.HashMap.putVal(ILjava/lang/Object;Ljava/lang/Object;ZZ)Ljava/lang/Object; @ 203
Event: 3.675 Thread 0x00000257fc18f000 Uncommon trap: reason=bimorphic action=maybe_recompile pc=0x00000257e9799380 method=java.util.HashMap.putVal(ILjava/lang/Object;Ljava/lang/Object;ZZ)Ljava/lang/Object; @ 203
Event: 3.705 Thread 0x00000257fc18f000 Uncommon trap: reason=bimorphic action=maybe_recompile pc=0x00000257e9787bcc method=java.net.URL.<init>(Ljava/net/URL;Ljava/lang/String;Ljava/net/URLStreamHandler;)V @ 504
Event: 3.705 Thread 0x00000257fc18f000 Uncommon trap: reason=unstable_if action=reinterpret pc=0x00000257e9831ffc method=sun.net.util.IPAddressUtil.scan(Ljava/lang/String;JJ[C)I @ 14
Event: 3.896 Thread 0x00000257fc18f000 Uncommon trap: reason=class_check action=maybe_recompile pc=0x00000257e99539e8 method=java.util.zip.InflaterInputStream.read([BII)I @ 100
Event: 3.896 Thread 0x00000257fc18f000 Uncommon trap: reason=class_check action=maybe_recompile pc=0x00000257e99539e8 method=java.util.zip.InflaterInputStream.read([BII)I @ 100
Event: 3.896 Thread 0x00000257fc18f000 Uncommon trap: reason=class_check action=maybe_recompile pc=0x00000257e99539e8 method=java.util.zip.InflaterInputStream.read([BII)I @ 100
Event: 3.896 Thread 0x00000257fc18f000 Uncommon trap: reason=class_check action=maybe_recompile pc=0x00000257e99539e8 method=java.util.zip.InflaterInputStream.read([BII)I @ 100

Classes redefined (0 events):
No events

Internal exceptions (10 events):
Event: 3.150 Thread 0x00000257fc18f000 Exception <a 'sun/nio/fs/WindowsException'> (0x00000000f6054138) thrown at [C:\jenkins\workspace\8-2-build-windows-amd64-cygwin\jdk8u291\1294\hotspot\src\share\vm\prims\jni.cpp, line 710]
Event: 3.152 Thread 0x00000257fc18f000 Exception <a 'sun/nio/fs/WindowsException'> (0x00000000f606b4d0) thrown at [C:\jenkins\workspace\8-2-build-windows-amd64-cygwin\jdk8u291\1294\hotspot\src\share\vm\prims\jni.cpp, line 710]
Event: 3.152 Thread 0x00000257fc18f000 Exception <a 'sun/nio/fs/WindowsException'> (0x00000000f606c278) thrown at [C:\jenkins\workspace\8-2-build-windows-amd64-cygwin\jdk8u291\1294\hotspot\src\share\vm\prims\jni.cpp, line 710]
Event: 3.155 Thread 0x00000257fc18f000 Exception <a 'sun/nio/fs/WindowsException'> (0x00000000f607fb00) thrown at [C:\jenkins\workspace\8-2-build-windows-amd64-cygwin\jdk8u291\1294\hotspot\src\share\vm\prims\jni.cpp, line 710]
Event: 3.167 Thread 0x00000257fc18f000 Exception <a 'sun/nio/fs/WindowsException'> (0x00000000f60c4470) thrown at [C:\jenkins\workspace\8-2-build-windows-amd64-cygwin\jdk8u291\1294\hotspot\src\share\vm\prims\jni.cpp, line 710]
Event: 3.169 Thread 0x00000257fc18f000 Exception <a 'java/lang/IncompatibleClassChangeError': Found class java.lang.Object, but interface was expected> (0x00000000f60dbbc0) thrown at [C:\jenkins\workspace\8-2-build-windows-amd64-cygwin\jdk8u291\1294\hotspot\src\share\vm\interpreter\linkResolve
Event: 3.263 Thread 0x00000257fc18f000 Implicit null exception at 0x00000257e979f07b to 0x00000257e979f741
Event: 3.587 Thread 0x00000257fc18f000 Exception <a 'java/lang/NoSuchMethodError': java.lang.Object.lambda$static$0(Ljava/time/Duration;)V> (0x00000000f59e3850) thrown at [C:\jenkins\workspace\8-2-build-windows-amd64-cygwin\jdk8u291\1294\hotspot\src\share\vm\interpreter\linkResolver.cpp, line 
Event: 3.599 Thread 0x00000257fc18f000 Exception <a 'java/lang/IncompatibleClassChangeError': Found class java.lang.Object, but interface was expected> (0x00000000f5ac2570) thrown at [C:\jenkins\workspace\8-2-build-windows-amd64-cygwin\jdk8u291\1294\hotspot\src\share\vm\interpreter\linkResolve
Event: 3.601 Thread 0x00000257fc18f000 Exception <a 'java/lang/NoSuchMethodError': java.lang.Object.lambda$or$2(Ljava/util/function/Predicate;Ljava/lang/Object;)Z> (0x00000000f5acd420) thrown at [C:\jenkins\workspace\8-2-build-windows-amd64-cygwin\jdk8u291\1294\hotspot\src\share\vm\interpreter

Events (10 events):
Event: 3.896 Thread 0x00000257fc18f000 DEOPT UNPACKING pc=0x00000257e9425843 sp=0x00000085b39fb008 mode 2
Event: 3.896 Thread 0x00000257fc18f000 Uncommon trap: trap_request=0xffffffde fr.pc=0x00000257e99539e8
Event: 3.896 Thread 0x00000257fc18f000 DEOPT PACKING pc=0x00000257e99539e8 sp=0x00000085b39faff0
Event: 3.896 Thread 0x00000257fc18f000 DEOPT UNPACKING pc=0x00000257e9425843 sp=0x00000085b39fb008 mode 2
Event: 3.896 Thread 0x00000257fc18f000 Uncommon trap: trap_request=0xffffffde fr.pc=0x00000257e99539e8
Event: 3.896 Thread 0x00000257fc18f000 DEOPT PACKING pc=0x00000257e99539e8 sp=0x00000085b39faff0
Event: 3.896 Thread 0x00000257fc18f000 DEOPT UNPACKING pc=0x00000257e9425843 sp=0x00000085b39fb008 mode 2
Event: 3.896 Thread 0x00000257fc18f000 Uncommon trap: trap_request=0xffffffde fr.pc=0x00000257e99539e8
Event: 3.896 Thread 0x00000257fc18f000 DEOPT PACKING pc=0x00000257e99539e8 sp=0x00000085b39faff0
Event: 3.896 Thread 0x00000257fc18f000 DEOPT UNPACKING pc=0x00000257e9425843 sp=0x00000085b39fb008 mode 2


Dynamic libraries:
0x00007ff679620000 - 0x00007ff679667000 	C:\Program Files\Java\jdk1.8.0_291\bin\java.exe
0x00007fff72fd0000 - 0x00007fff731c5000 	C:\WINDOWS\SYSTEM32\ntdll.dll
0x00007fff71430000 - 0x00007fff714ed000 	C:\WINDOWS\System32\KERNEL32.DLL
0x00007fff70710000 - 0x00007fff709d8000 	C:\WINDOWS\System32\KERNELBASE.dll
0x00007fff71180000 - 0x00007fff7122c000 	C:\WINDOWS\System32\ADVAPI32.dll
0x00007fff71d80000 - 0x00007fff71e1e000 	C:\WINDOWS\System32\msvcrt.dll
0x00007fff72ef0000 - 0x00007fff72f8b000 	C:\WINDOWS\System32\sechost.dll
0x00007fff71960000 - 0x00007fff71a8b000 	C:\WINDOWS\System32\RPCRT4.dll
0x00007fff71260000 - 0x00007fff71400000 	C:\WINDOWS\System32\USER32.dll
0x00007fff70a90000 - 0x00007fff70ab2000 	C:\WINDOWS\System32\win32u.dll
0x00007fff71230000 - 0x00007fff7125a000 	C:\WINDOWS\System32\GDI32.dll
0x00007fff70c70000 - 0x00007fff70d7b000 	C:\WINDOWS\System32\gdi32full.dll
0x00007fff70b20000 - 0x00007fff70bbd000 	C:\WINDOWS\System32\msvcp_win.dll
0x00007fff70d80000 - 0x00007fff70e80000 	C:\WINDOWS\System32\ucrtbase.dll
0x00007fff561c0000 - 0x00007fff5645a000 	C:\WINDOWS\WinSxS\amd64_microsoft.windows.common-controls_6595b64144ccf1df_6.0.19041.844_none_ca00b6081b84eb1d\COMCTL32.dll
0x00007fff72470000 - 0x00007fff724a0000 	C:\WINDOWS\System32\IMM32.DLL
0x00007fff660b0000 - 0x00007fff660c5000 	C:\Program Files\Java\jdk1.8.0_291\jre\bin\vcruntime140.dll
0x00007fff4e680000 - 0x00007fff4e71b000 	C:\Program Files\Java\jdk1.8.0_291\jre\bin\msvcp140.dll
0x0000000066520000 - 0x0000000066d80000 	C:\Program Files\Java\jdk1.8.0_291\jre\bin\server\jvm.dll
0x00007fff724a0000 - 0x00007fff724a8000 	C:\WINDOWS\System32\PSAPI.DLL
0x00007fff65f10000 - 0x00007fff65f37000 	C:\WINDOWS\SYSTEM32\WINMM.dll
0x00007fff69590000 - 0x00007fff6959a000 	C:\WINDOWS\SYSTEM32\VERSION.dll
0x00007fff61730000 - 0x00007fff61739000 	C:\WINDOWS\SYSTEM32\WSOCK32.dll
0x00007fff71c60000 - 0x00007fff71ccb000 	C:\WINDOWS\System32\WS2_32.dll
0x00007fff6efe0000 - 0x00007fff6eff2000 	C:\WINDOWS\SYSTEM32\kernel.appcore.dll
0x00007fff68af0000 - 0x00007fff68b00000 	C:\Program Files\Java\jdk1.8.0_291\jre\bin\verify.dll
0x00007fff62fe0000 - 0x00007fff6300b000 	C:\Program Files\Java\jdk1.8.0_291\jre\bin\java.dll
0x00007fff62fc0000 - 0x00007fff62fd8000 	C:\Program Files\Java\jdk1.8.0_291\jre\bin\zip.dll
0x00007fff72610000 - 0x00007fff72d52000 	C:\WINDOWS\System32\SHELL32.dll
0x00007fff6e690000 - 0x00007fff6ee20000 	C:\WINDOWS\SYSTEM32\windows.storage.dll
0x00007fff72110000 - 0x00007fff72465000 	C:\WINDOWS\System32\combase.dll
0x00007fff70180000 - 0x00007fff701ac000 	C:\WINDOWS\SYSTEM32\Wldp.dll
0x00007fff71cd0000 - 0x00007fff71d7e000 	C:\WINDOWS\System32\SHCORE.dll
0x00007fff71030000 - 0x00007fff71085000 	C:\WINDOWS\System32\shlwapi.dll
0x00007fff70650000 - 0x00007fff7066f000 	C:\WINDOWS\SYSTEM32\profapi.dll
0x00007fff62fa0000 - 0x00007fff62fbc000 	C:\Program Files\Java\jdk1.8.0_291\jre\bin\net.dll
0x00007fff6fef0000 - 0x00007fff6ff5a000 	C:\WINDOWS\system32\mswsock.dll
0x00007fff62ad0000 - 0x00007fff62ae3000 	C:\Program Files\Java\jdk1.8.0_291\jre\bin\nio.dll
0x00007fff700d0000 - 0x00007fff700e8000 	C:\WINDOWS\SYSTEM32\CRYPTSP.dll
0x00007fff6f820000 - 0x00007fff6f854000 	C:\WINDOWS\system32\rsaenh.dll
0x00007fff70c40000 - 0x00007fff70c67000 	C:\WINDOWS\System32\bcrypt.dll
0x00007fff70610000 - 0x00007fff7063e000 	C:\WINDOWS\SYSTEM32\USERENV.dll
0x00007fff70bc0000 - 0x00007fff70c40000 	C:\WINDOWS\System32\bcryptprimitives.dll
0x00007fff700c0000 - 0x00007fff700cc000 	C:\WINDOWS\SYSTEM32\CRYPTBASE.dll
0x00007fff6fb90000 - 0x00007fff6fbcb000 	C:\WINDOWS\SYSTEM32\IPHLPAPI.DLL
0x00007fff72600000 - 0x00007fff72608000 	C:\WINDOWS\System32\NSI.dll
0x00007fff66ba0000 - 0x00007fff66bb7000 	C:\WINDOWS\SYSTEM32\dhcpcsvc6.DLL
0x00007fff66f20000 - 0x00007fff66f3d000 	C:\WINDOWS\SYSTEM32\dhcpcsvc.DLL
0x00007fff6fbe0000 - 0x00007fff6fcac000 	C:\WINDOWS\SYSTEM32\DNSAPI.dll
0x00007fff6e4a0000 - 0x00007fff6e684000 	C:\WINDOWS\SYSTEM32\dbghelp.dll

VM Arguments:
jvm_args: -Djava.security.manager=worker.org.gradle.process.internal.worker.child.BootstrapSecurityManager -Dorg.gradle.native=false -Xmx512m -Dfile.encoding=windows-1252 -Duser.country=CO -Duser.language=es -Duser.variant -ea 
java_command: worker.org.gradle.process.internal.worker.GradleWorkerMain 'Gradle Test Executor 1'
java_class_path (initial): C:\Users\Asus\.gradle\caches\6.8\workerMain\gradle-worker.jar
Launcher Type: SUN_STANDARD

Environment Variables:
JAVA_HOME=C:\Program Files\Java\jdk1.8.0_291
PATH=C:\Program Files (x86)\Common Files\Oracle\Java\javapath;C:\WINDOWS\system32;C:\WINDOWS;C:\WINDOWS\System32\Wbem;C:\WINDOWS\System32\WindowsPowerShell\v1.0\;C:\WINDOWS\System32\OpenSSH\;C:\Gradle\gradle-6.7.1\bin;C:\Program Files\Java\jdk1.8.0_291;C:\Program Files\Java\jdk1.8.0_291\bin;C:\Users\Asus\AppData\Local\Microsoft\WindowsApps;
USERNAME=Asus
OS=Windows_NT
PROCESSOR_IDENTIFIER=Intel64 Family 6 Model 142 Stepping 9, GenuineIntel



---------------  S Y S T E M  ---------------

OS: Windows 10.0 , 64 bit Build 19041 (10.0.19041.928)

CPU:total 4 (initial active 4) (2 cores per cpu, 2 threads per core) family 6 model 142 stepping 9, cmov, cx8, fxsr, mmx, sse, sse2, sse3, ssse3, sse4.1, sse4.2, popcnt, avx, avx2, aes, clmul, erms, 3dnowpref, lzcnt, ht, tsc, tscinvbit, bmi1, bmi2, adx

Memory: 4k page, physical 4070740k(596692k free), swap 16653652k(5036k free)

vm_info: Java HotSpot(TM) 64-Bit Server VM (25.291-b10) for windows-amd64 JRE (1.8.0_291-b10), built on Apr  9 2021 00:02:00 by "java_re" with MS VC++ 15.9 (VS2017)

time: Wed Jun  2 23:37:23 2021
timezone: Hora est. Pacífico, Sudamérica
elapsed time: 4.128134 seconds (0d 0h 0m 4s)

