#
# There is insufficient memory for the Java Runtime Environment to continue.
# Native memory allocation (malloc) failed to allocate 32744 bytes for ChunkPool::allocate
# Possible reasons:
#   The system is out of physical RAM or swap space
#   The process is running with CompressedOops enabled, and the Java Heap may be blocking the growth of the native heap
# Possible solutions:
#   Reduce memory load on the system
#   Increase physical memory or swap space
#   Check if swap backing store is full
#   Decrease Java heap size (-Xmx/-Xms)
#   Decrease number of Java threads
#   Decrease Java thread stack sizes (-Xss)
#   Set larger code cache with -XX:ReservedCodeCacheSize=
#   JVM is running with Unscaled Compressed Oops mode in which the Java heap is
#     placed in the first 4GB address space. The Java Heap base address is the
#     maximum limit for the native heap growth. Please use -XX:HeapBaseMinAddress
#     to set the Java Heap base and to place the Java Heap above 4GB virtual address.
# This output file may be truncated or incomplete.
#
#  Out of Memory Error (allocation.cpp:272), pid=11856, tid=0x00000000000002e4
#
# JRE version: Java(TM) SE Runtime Environment (8.0_291-b10) (build 1.8.0_291-b10)
# Java VM: Java HotSpot(TM) 64-Bit Server VM (25.291-b10 mixed mode windows-amd64 compressed oops)
# Failed to write core dump. Minidumps are not enabled by default on client versions of Windows
#

---------------  T H R E A D  ---------------

Current thread (0x00000290f85f2000):  VMThread [stack: 0x0000009a95c00000,0x0000009a95d00000] [id=740]

Stack: [0x0000009a95c00000,0x0000009a95d00000]
Native frames: (J=compiled Java code, j=interpreted, Vv=VM code, C=native code)
V  [jvm.dll+0x32ea19]
V  [jvm.dll+0x275462]
V  [jvm.dll+0x27610d]
V  [jvm.dll+0x26cb45]
V  [jvm.dll+0xd56ed]
V  [jvm.dll+0xd5a4c]
V  [jvm.dll+0x242a27]
V  [jvm.dll+0x23f38b]
V  [jvm.dll+0x1f948a]
V  [jvm.dll+0x1f8cc0]
V  [jvm.dll+0x1f8ff4]
V  [jvm.dll+0x245897]
V  [jvm.dll+0x244005]
V  [jvm.dll+0x24477c]
V  [jvm.dll+0x244a8c]
V  [jvm.dll+0x29210c]
C  [ucrtbase.dll+0x21bb2]
C  [KERNEL32.DLL+0x17034]
C  [ntdll.dll+0x52651]

VM_Operation (0x0000009a96ffe810): BulkRevokeBias, mode: safepoint, requested by thread 0x00000290fadb6000


---------------  P R O C E S S  ---------------

Java Threads: ( => current thread )
  0x00000290fde95000 JavaThread "/127.0.0.1:50867 to /127.0.0.1:50868 workers Thread 4" [_thread_blocked, id=1208, stack(0x0000009aa3d00000,0x0000009aa3e00000)]
  0x00000290fde92800 JavaThread "/127.0.0.1:50867 to /127.0.0.1:50868 workers Thread 3" [_thread_blocked, id=14444, stack(0x0000009aa3c00000,0x0000009aa3d00000)]
  0x00000290fde91000 JavaThread "/127.0.0.1:50867 to /127.0.0.1:50868 workers Thread 2" [_thread_blocked, id=1660, stack(0x0000009aa3b00000,0x0000009aa3c00000)]
  0x00000290fde93800 JavaThread "/127.0.0.1:50867 to /127.0.0.1:50868 workers" [_thread_blocked, id=7732, stack(0x0000009aa3700000,0x0000009aa3800000)]
  0x00000290fde90800 JavaThread "Exec process Thread 4" [_thread_blocked, id=16876, stack(0x0000009aa3a00000,0x0000009aa3b00000)]
  0x00000290fde8f000 JavaThread "Exec process Thread 3" [_thread_blocked, id=7320, stack(0x0000009aa3900000,0x0000009aa3a00000)]
  0x00000290fde92000 JavaThread "Exec process Thread 2" [_thread_blocked, id=14344, stack(0x0000009aa3800000,0x0000009aa3900000)]
  0x00000290fde94000 JavaThread "Exec process" [_thread_blocked, id=9988, stack(0x0000009aa3600000,0x0000009aa3700000)]
  0x00000290fde8d800 JavaThread "Incoming local TCP Connector on port 50867" [_thread_blocked, id=7720, stack(0x0000009aa3500000,0x0000009aa3600000)]
  0x00000290fde86000 JavaThread "Dispatch org.gradle.api.internal.tasks.testing.processors.RestartEveryNTestClassProcessor@7415cdfc" [_thread_blocked, id=8776, stack(0x0000009aa3400000,0x0000009aa3500000)]
  0x00000290fde8c800 JavaThread "Dispatch org.gradle.api.internal.tasks.testing.results.AttachParentTestResultProcessor@30aa211" [_thread_blocked, id=1940, stack(0x0000009aa3300000,0x0000009aa3400000)]
  0x00000290fde86800 JavaThread "Cache worker for Java compile cache (C:\Users\Asus\IdeaProjects\POMUno\.gradle\6.8\javaCompile)" [_thread_blocked, id=16344, stack(0x0000009aa3200000,0x0000009aa3300000)]
  0x00000290fde8a800 JavaThread "Cache worker for Java compile cache (C:\Users\Asus\.gradle\caches\6.8\javaCompile)" [_thread_blocked, id=6148, stack(0x0000009aa3100000,0x0000009aa3200000)]
  0x00000290fde88000 JavaThread "Cache worker for execution history cache (C:\Users\Asus\IdeaProjects\POMUno\.gradle\6.8\executionHistory)" [_thread_blocked, id=9448, stack(0x0000009aa3000000,0x0000009aa3100000)]
  0x00000290fde84800 JavaThread "Execution worker for ':' Thread 3" [_thread_blocked, id=4184, stack(0x0000009aa2f00000,0x0000009aa3000000)]
  0x00000290fde85000 JavaThread "Execution worker for ':' Thread 2" [_thread_blocked, id=12484, stack(0x0000009aa2e00000,0x0000009aa2f00000)]
  0x00000290fde87800 JavaThread "Execution worker for ':'" [_thread_blocked, id=13616, stack(0x0000009aa2d00000,0x0000009aa2e00000)]
  0x00000290fde89000 JavaThread "Memory manager" [_thread_blocked, id=3388, stack(0x0000009aa2c00000,0x0000009aa2d00000)]
  0x00000290fdc45000 JavaThread "jar transforms Thread 172" [_thread_blocked, id=17936, stack(0x0000009aa2b00000,0x0000009aa2c00000)]
  0x00000290fdc42800 JavaThread "jar transforms Thread 171" [_thread_blocked, id=12156, stack(0x0000009aa2a00000,0x0000009aa2b00000)]
  0x00000290fdc43800 JavaThread "jar transforms Thread 170" [_thread_blocked, id=3064, stack(0x0000009aa2900000,0x0000009aa2a00000)]
  0x00000290fdc44000 JavaThread "jar transforms Thread 169" [_thread_blocked, id=5896, stack(0x0000009aa2800000,0x0000009aa2900000)]
  0x00000290fdc45800 JavaThread "jar transforms Thread 168" [_thread_blocked, id=11788, stack(0x0000009aa2700000,0x0000009aa2800000)]
  0x00000290fdc40800 JavaThread "jar transforms Thread 167" [_thread_blocked, id=8508, stack(0x0000009aa2600000,0x0000009aa2700000)]
  0x00000290fdc41000 JavaThread "jar transforms Thread 166" [_thread_blocked, id=17652, stack(0x0000009aa2500000,0x0000009aa2600000)]
  0x00000290fdc46800 JavaThread "jar transforms Thread 165" [_thread_blocked, id=17280, stack(0x0000009aa2400000,0x0000009aa2500000)]
  0x00000290fdc42000 JavaThread "jar transforms Thread 164" [_thread_blocked, id=3052, stack(0x0000009aa2300000,0x0000009aa2400000)]
  0x00000290fdc39000 JavaThread "jar transforms Thread 163" [_thread_blocked, id=13844, stack(0x0000009aa2200000,0x0000009aa2300000)]
  0x00000290fdc3f800 JavaThread "jar transforms Thread 162" [_thread_blocked, id=5596, stack(0x0000009aa2100000,0x0000009aa2200000)]
  0x00000290fdc3c800 JavaThread "jar transforms Thread 161" [_thread_blocked, id=1580, stack(0x0000009aa2000000,0x0000009aa2100000)]
  0x00000290fdc38000 JavaThread "jar transforms Thread 160" [_thread_blocked, id=636, stack(0x0000009aa1f00000,0x0000009aa2000000)]
  0x00000290fdc3f000 JavaThread "jar transforms Thread 159" [_thread_blocked, id=8664, stack(0x0000009aa1e00000,0x0000009aa1f00000)]
  0x00000290fdc3c000 JavaThread "jar transforms Thread 158" [_thread_blocked, id=16224, stack(0x0000009aa1d00000,0x0000009aa1e00000)]
  0x00000290fdc39800 JavaThread "jar transforms Thread 157" [_thread_blocked, id=7764, stack(0x0000009aa1c00000,0x0000009aa1d00000)]
  0x00000290fdc3b000 JavaThread "jar transforms Thread 156" [_thread_blocked, id=3100, stack(0x0000009aa1b00000,0x0000009aa1c00000)]
  0x00000290fdc3a800 JavaThread "jar transforms Thread 155" [_thread_blocked, id=17796, stack(0x0000009aa1a00000,0x0000009aa1b00000)]
  0x00000290fdc37800 JavaThread "jar transforms Thread 154" [_thread_blocked, id=17032, stack(0x0000009aa1900000,0x0000009aa1a00000)]
  0x00000290fdc3d800 JavaThread "jar transforms Thread 153" [_thread_blocked, id=3520, stack(0x0000009aa1800000,0x0000009aa1900000)]
  0x00000290fdc3e000 JavaThread "jar transforms Thread 152" [_thread_blocked, id=9856, stack(0x0000009aa1700000,0x0000009aa1800000)]
  0x00000290ff0a4000 JavaThread "jar transforms Thread 151" [_thread_blocked, id=17452, stack(0x0000009aa1600000,0x0000009aa1700000)]
  0x00000290ff0a3000 JavaThread "jar transforms Thread 150" [_thread_blocked, id=15588, stack(0x0000009aa1500000,0x0000009aa1600000)]
  0x00000290ff0a4800 JavaThread "jar transforms Thread 149" [_thread_blocked, id=6684, stack(0x0000009aa1400000,0x0000009aa1500000)]
  0x00000290ff0a5800 JavaThread "jar transforms Thread 148" [_thread_blocked, id=7988, stack(0x0000009aa1300000,0x0000009aa1400000)]
  0x00000290ff09b800 JavaThread "jar transforms Thread 147" [_thread_blocked, id=15700, stack(0x0000009aa1200000,0x0000009aa1300000)]
  0x00000290ff0a2800 JavaThread "jar transforms Thread 146" [_thread_blocked, id=1732, stack(0x0000009aa1100000,0x0000009aa1200000)]
  0x00000290ff0a1800 JavaThread "jar transforms Thread 145" [_thread_blocked, id=18328, stack(0x0000009aa1000000,0x0000009aa1100000)]
  0x00000290ff09a000 JavaThread "jar transforms Thread 144" [_thread_blocked, id=12796, stack(0x0000009aa0f00000,0x0000009aa1000000)]
  0x00000290ff0a1000 JavaThread "jar transforms Thread 143" [_thread_blocked, id=14700, stack(0x0000009aa0e00000,0x0000009aa0f00000)]
  0x00000290ff09c800 JavaThread "jar transforms Thread 142" [_thread_blocked, id=5656, stack(0x0000009aa0d00000,0x0000009aa0e00000)]
  0x00000290ff09f800 JavaThread "jar transforms Thread 141" [_thread_blocked, id=16116, stack(0x0000009aa0c00000,0x0000009aa0d00000)]
  0x00000290ff0a0000 JavaThread "jar transforms Thread 140" [_thread_blocked, id=16448, stack(0x0000009aa0b00000,0x0000009aa0c00000)]
  0x00000290ff09e800 JavaThread "jar transforms Thread 139" [_thread_blocked, id=14696, stack(0x0000009aa0a00000,0x0000009aa0b00000)]
  0x00000290ff09e000 JavaThread "jar transforms Thread 138" [_thread_blocked, id=2236, stack(0x0000009aa0900000,0x0000009aa0a00000)]
  0x00000290ff099000 JavaThread "jar transforms Thread 137" [_thread_blocked, id=17160, stack(0x0000009aa0800000,0x0000009aa0900000)]
  0x00000290ff096000 JavaThread "jar transforms Thread 136" [_thread_blocked, id=12544, stack(0x0000009aa0700000,0x0000009aa0800000)]
  0x00000290ff09b000 JavaThread "jar transforms Thread 135" [_thread_blocked, id=11304, stack(0x0000009aa0600000,0x0000009aa0700000)]
  0x00000290ff097800 JavaThread "jar transforms Thread 134" [_thread_blocked, id=8468, stack(0x0000009aa0500000,0x0000009aa0600000)]
  0x00000290ff097000 JavaThread "jar transforms Thread 133" [_thread_blocked, id=12788, stack(0x0000009aa0400000,0x0000009aa0500000)]
  0x00000290ff09d000 JavaThread "jar transforms Thread 132" [_thread_blocked, id=1984, stack(0x0000009aa0300000,0x0000009aa0400000)]
  0x00000290ff098800 JavaThread "jar transforms Thread 131" [_thread_blocked, id=3076, stack(0x0000009aa0200000,0x0000009aa0300000)]
  0x00000290fbc0d000 JavaThread "jar transforms Thread 130" [_thread_blocked, id=16992, stack(0x0000009aa0100000,0x0000009aa0200000)]
  0x00000290fbc0f000 JavaThread "jar transforms Thread 129" [_thread_blocked, id=6036, stack(0x0000009aa0000000,0x0000009aa0100000)]
  0x00000290fbc0d800 JavaThread "jar transforms Thread 128" [_thread_blocked, id=8056, stack(0x0000009a9ff00000,0x0000009aa0000000)]
  0x00000290fbc0a800 JavaThread "jar transforms Thread 127" [_thread_blocked, id=10280, stack(0x0000009a9fe00000,0x0000009a9ff00000)]
  0x00000290fbc0e800 JavaThread "jar transforms Thread 126" [_thread_blocked, id=16496, stack(0x0000009a9fd00000,0x0000009a9fe00000)]
  0x00000290fbc0c000 JavaThread "jar transforms Thread 125" [_thread_blocked, id=17728, stack(0x0000009a9fc00000,0x0000009a9fd00000)]
  0x00000290fbc09000 JavaThread "jar transforms Thread 124" [_thread_blocked, id=14264, stack(0x0000009a9fb00000,0x0000009a9fc00000)]
  0x00000290fbc05800 JavaThread "jar transforms Thread 123" [_thread_blocked, id=4572, stack(0x0000009a9fa00000,0x0000009a9fb00000)]
  0x00000290fbc08800 JavaThread "jar transforms Thread 122" [_thread_blocked, id=9920, stack(0x0000009a9f900000,0x0000009a9fa00000)]
  0x00000290fbc04800 JavaThread "jar transforms Thread 121" [_thread_blocked, id=11276, stack(0x0000009a9f800000,0x0000009a9f900000)]
  0x00000290fbc07800 JavaThread "jar transforms Thread 120" [_thread_blocked, id=8864, stack(0x0000009a9f700000,0x0000009a9f800000)]
  0x00000290fbc0b800 JavaThread "jar transforms Thread 119" [_thread_blocked, id=16348, stack(0x0000009a9f600000,0x0000009a9f700000)]
  0x00000290fbc04000 JavaThread "jar transforms Thread 118" [_thread_blocked, id=2480, stack(0x0000009a9f500000,0x0000009a9f600000)]
  0x00000290fbc0a000 JavaThread "jar transforms Thread 117" [_thread_blocked, id=15380, stack(0x0000009a9f400000,0x0000009a9f500000)]
  0x00000290fbc00000 JavaThread "jar transforms Thread 116" [_thread_blocked, id=8448, stack(0x0000009a9f300000,0x0000009a9f400000)]
  0x00000290fbc03000 JavaThread "jar transforms Thread 115" [_thread_blocked, id=17056, stack(0x0000009a9f200000,0x0000009a9f300000)]
  0x00000290fbc02800 JavaThread "jar transforms Thread 114" [_thread_blocked, id=2816, stack(0x0000009a9f100000,0x0000009a9f200000)]
  0x00000290fbc01000 JavaThread "jar transforms Thread 113" [_thread_blocked, id=10140, stack(0x0000009a9f000000,0x0000009a9f100000)]
  0x00000290fbc07000 JavaThread "jar transforms Thread 112" [_thread_blocked, id=6760, stack(0x0000009a9ef00000,0x0000009a9f000000)]
  0x00000290fbc01800 JavaThread "jar transforms Thread 111" [_thread_blocked, id=15264, stack(0x0000009a9ee00000,0x0000009a9ef00000)]
  0x00000290fbc06000 JavaThread "jar transforms Thread 110" [_thread_blocked, id=4116, stack(0x0000009a9ed00000,0x0000009a9ee00000)]
  0x00000290fe3cf000 JavaThread "jar transforms Thread 109" [_thread_blocked, id=3968, stack(0x0000009a9ec00000,0x0000009a9ed00000)]
  0x00000290fe3ce000 JavaThread "jar transforms Thread 108" [_thread_blocked, id=13528, stack(0x0000009a9eb00000,0x0000009a9ec00000)]
  0x00000290fe3cd800 JavaThread "jar transforms Thread 107" [_thread_blocked, id=10468, stack(0x0000009a9ea00000,0x0000009a9eb00000)]
  0x00000290fe3cc800 JavaThread "jar transforms Thread 106" [_thread_blocked, id=17724, stack(0x0000009a9e900000,0x0000009a9ea00000)]
  0x00000290fe3cc000 JavaThread "jar transforms Thread 105" [_thread_blocked, id=8596, stack(0x0000009a9e800000,0x0000009a9e900000)]
  0x00000290fe3cb000 JavaThread "jar transforms Thread 104" [_thread_blocked, id=2736, stack(0x0000009a9e700000,0x0000009a9e800000)]
  0x00000290fe3c3800 JavaThread "jar transforms Thread 103" [_thread_blocked, id=12612, stack(0x0000009a9e600000,0x0000009a9e700000)]
  0x00000290fe3ca000 JavaThread "jar transforms Thread 102" [_thread_blocked, id=8440, stack(0x0000009a9e500000,0x0000009a9e600000)]
  0x00000290fe3c2800 JavaThread "jar transforms Thread 101" [_thread_blocked, id=14088, stack(0x0000009a9e400000,0x0000009a9e500000)]
  0x00000290fe3c9800 JavaThread "jar transforms Thread 100" [_thread_blocked, id=5344, stack(0x0000009a9e300000,0x0000009a9e400000)]
  0x00000290fe3c5000 JavaThread "jar transforms Thread 99" [_thread_blocked, id=3108, stack(0x0000009a9e200000,0x0000009a9e300000)]
  0x00000290fe3c4000 JavaThread "jar transforms Thread 98" [_thread_blocked, id=10360, stack(0x0000009a9e100000,0x0000009a9e200000)]
  0x00000290fe3c8800 JavaThread "jar transforms Thread 97" [_thread_blocked, id=10472, stack(0x0000009a9e000000,0x0000009a9e100000)]
  0x00000290fe3c1000 JavaThread "jar transforms Thread 96" [_thread_blocked, id=13828, stack(0x0000009a9df00000,0x0000009a9e000000)]
  0x00000290fe3c8000 JavaThread "jar transforms Thread 95" [_thread_blocked, id=13368, stack(0x0000009a9de00000,0x0000009a9df00000)]
  0x00000290fe3c7000 JavaThread "jar transforms Thread 94" [_thread_blocked, id=9976, stack(0x0000009a9dd00000,0x0000009a9de00000)]
  0x00000290fe3c0800 JavaThread "jar transforms Thread 93" [_thread_blocked, id=15396, stack(0x0000009a9dc00000,0x0000009a9dd00000)]
  0x00000290fe3c5800 JavaThread "jar transforms Thread 92" [_thread_blocked, id=9488, stack(0x0000009a9db00000,0x0000009a9dc00000)]
  0x00000290fe3c6800 JavaThread "jar transforms Thread 91" [_thread_blocked, id=17868, stack(0x0000009a9da00000,0x0000009a9db00000)]
  0x00000290fe3bf800 JavaThread "jar transforms Thread 90" [_thread_blocked, id=16612, stack(0x0000009a9d900000,0x0000009a9da00000)]
  0x00000290fe3c2000 JavaThread "jar transforms Thread 89" [_thread_blocked, id=7388, stack(0x0000009a9d800000,0x0000009a9d900000)]
  0x00000290fbbff000 JavaThread "jar transforms Thread 88" [_thread_blocked, id=16120, stack(0x0000009a9d700000,0x0000009a9d800000)]
  0x00000290fbbfd800 JavaThread "jar transforms Thread 87" [_thread_blocked, id=5680, stack(0x0000009a9d600000,0x0000009a9d700000)]
  0x00000290fbbfb800 JavaThread "jar transforms Thread 86" [_thread_blocked, id=7380, stack(0x0000009a9d500000,0x0000009a9d600000)]
  0x00000290fbbfd000 JavaThread "jar transforms Thread 85" [_thread_blocked, id=17084, stack(0x0000009a9d400000,0x0000009a9d500000)]
  0x00000290fbbfe800 JavaThread "jar transforms Thread 84" [_thread_blocked, id=14744, stack(0x0000009a9d300000,0x0000009a9d400000)]
  0x00000290fbbfa000 JavaThread "jar transforms Thread 83" [_thread_blocked, id=2080, stack(0x0000009a9d200000,0x0000009a9d300000)]
  0x00000290fbbfc000 JavaThread "jar transforms Thread 82" [_thread_blocked, id=4332, stack(0x0000009a9d100000,0x0000009a9d200000)]
  0x00000290fbbfa800 JavaThread "jar transforms Thread 81" [_thread_blocked, id=7944, stack(0x0000009a9d000000,0x0000009a9d100000)]
  0x00000290fbbf2800 JavaThread "jar transforms Thread 80" [_thread_blocked, id=9344, stack(0x0000009a9cf00000,0x0000009a9d000000)]
  0x00000290fbbf7000 JavaThread "jar transforms Thread 79" [_thread_blocked, id=14796, stack(0x0000009a9ce00000,0x0000009a9cf00000)]
  0x00000290fbbf9000 JavaThread "jar transforms Thread 78" [_thread_blocked, id=14480, stack(0x0000009a9cd00000,0x0000009a9ce00000)]
  0x00000290fbbf1800 JavaThread "jar transforms Thread 77" [_thread_blocked, id=10808, stack(0x0000009a9cc00000,0x0000009a9cd00000)]
  0x00000290fbbf8800 JavaThread "jar transforms Thread 76" [_thread_blocked, id=10228, stack(0x0000009a9cb00000,0x0000009a9cc00000)]
  0x00000290fbbf6000 JavaThread "jar transforms Thread 75" [_thread_blocked, id=10940, stack(0x0000009a9ca00000,0x0000009a9cb00000)]
  0x00000290fbbf7800 JavaThread "jar transforms Thread 74" [_thread_blocked, id=12980, stack(0x0000009a9c900000,0x0000009a9ca00000)]
  0x00000290fbbf1000 JavaThread "jar transforms Thread 73" [_thread_blocked, id=17220, stack(0x0000009a9c800000,0x0000009a9c900000)]
  0x00000290fbbf0000 JavaThread "jar transforms Thread 72" [_thread_blocked, id=7248, stack(0x0000009a9c700000,0x0000009a9c800000)]
  0x00000290fbbf4800 JavaThread "jar transforms Thread 71" [_thread_blocked, id=14168, stack(0x0000009a9c600000,0x0000009a9c700000)]
  0x00000290fbbf5800 JavaThread "jar transforms Thread 70" [_thread_blocked, id=14564, stack(0x0000009a9c500000,0x0000009a9c600000)]
  0x00000290fbbf4000 JavaThread "jar transforms Thread 69" [_thread_blocked, id=10584, stack(0x0000009a9c400000,0x0000009a9c500000)]
  0x00000290fbbf3000 JavaThread "jar transforms Thread 68" [_thread_blocked, id=10452, stack(0x0000009a9c300000,0x0000009a9c400000)]
  0x00000290fd898000 JavaThread "jar transforms Thread 67" [_thread_blocked, id=11232, stack(0x0000009a9c200000,0x0000009a9c300000)]
  0x00000290fd89f000 JavaThread "jar transforms Thread 66" [_thread_blocked, id=9604, stack(0x0000009a9c100000,0x0000009a9c200000)]
  0x00000290fd897800 JavaThread "jar transforms Thread 65" [_thread_blocked, id=264, stack(0x0000009a9c000000,0x0000009a9c100000)]
  0x00000290fd89d000 JavaThread "jar transforms Thread 64" [_thread_blocked, id=18048, stack(0x0000009a9bf00000,0x0000009a9c000000)]
  0x00000290fd89e800 JavaThread "jar transforms Thread 63" [_thread_blocked, id=9428, stack(0x0000009a9be00000,0x0000009a9bf00000)]
  0x00000290fd89a800 JavaThread "jar transforms Thread 62" [_thread_blocked, id=17156, stack(0x0000009a9bd00000,0x0000009a9be00000)]
  0x00000290fd89c000 JavaThread "jar transforms Thread 61" [_thread_blocked, id=14916, stack(0x0000009a9bc00000,0x0000009a9bd00000)]
  0x00000290fd89d800 JavaThread "jar transforms Thread 60" [_thread_blocked, id=5408, stack(0x0000009a9bb00000,0x0000009a9bc00000)]
  0x00000290fd899800 JavaThread "jar transforms Thread 59" [_thread_blocked, id=15204, stack(0x0000009a9ba00000,0x0000009a9bb00000)]
  0x00000290fd899000 JavaThread "jar transforms Thread 58" [_thread_blocked, id=15872, stack(0x0000009a9b900000,0x0000009a9ba00000)]
  0x00000290fd89b000 JavaThread "jar transforms Thread 57" [_thread_blocked, id=18024, stack(0x0000009a9b800000,0x0000009a9b900000)]
  0x00000290fd896800 JavaThread "jar transforms Thread 56" [_thread_blocked, id=12800, stack(0x0000009a9b700000,0x0000009a9b800000)]
  0x00000290fd890000 JavaThread "jar transforms Thread 55" [_thread_blocked, id=1052, stack(0x0000009a9b600000,0x0000009a9b700000)]
  0x00000290fd895000 JavaThread "jar transforms Thread 54" [_thread_blocked, id=3048, stack(0x0000009a9b500000,0x0000009a9b600000)]
  0x00000290fd893000 JavaThread "jar transforms Thread 53" [_thread_blocked, id=12552, stack(0x0000009a9b400000,0x0000009a9b500000)]
  0x00000290fd894800 JavaThread "jar transforms Thread 52" [_thread_blocked, id=8780, stack(0x0000009a9b300000,0x0000009a9b400000)]
  0x00000290fd891800 JavaThread "jar transforms Thread 51" [_thread_blocked, id=11060, stack(0x0000009a9b200000,0x0000009a9b300000)]
  0x00000290fd893800 JavaThread "jar transforms Thread 50" [_thread_blocked, id=12052, stack(0x0000009a9b100000,0x0000009a9b200000)]
  0x00000290fd890800 JavaThread "jar transforms Thread 49" [_thread_blocked, id=16528, stack(0x0000009a9b000000,0x0000009a9b100000)]
  0x00000290fd896000 JavaThread "jar transforms Thread 48" [_thread_blocked, id=9248, stack(0x0000009a9af00000,0x0000009a9b000000)]
  0x00000290fd892000 JavaThread "jar transforms Thread 47" [_thread_blocked, id=7672, stack(0x0000009a9ae00000,0x0000009a9af00000)]
  0x00000290fdaec800 JavaThread "jar transforms Thread 46" [_thread_blocked, id=3012, stack(0x0000009a9ad00000,0x0000009a9ae00000)]
  0x00000290fdaea000 JavaThread "jar transforms Thread 45" [_thread_blocked, id=8576, stack(0x0000009a9ac00000,0x0000009a9ad00000)]
  0x00000290fdae9800 JavaThread "jar transforms Thread 44" [_thread_blocked, id=18376, stack(0x0000009a9ab00000,0x0000009a9ac00000)]
  0x00000290fdae8000 JavaThread "jar transforms Thread 43" [_thread_blocked, id=6508, stack(0x0000009a9aa00000,0x0000009a9ab00000)]
  0x00000290fdae6000 JavaThread "jar transforms Thread 42" [_thread_blocked, id=2348, stack(0x0000009a9a900000,0x0000009a9aa00000)]
  0x00000290fdae7000 JavaThread "jar transforms Thread 41" [_thread_blocked, id=8564, stack(0x0000009a9a800000,0x0000009a9a900000)]
  0x00000290fdae8800 JavaThread "jar transforms Thread 40" [_thread_blocked, id=9272, stack(0x0000009a9a700000,0x0000009a9a800000)]
  0x00000290fdaeb800 JavaThread "jar transforms Thread 39" [_thread_blocked, id=13184, stack(0x0000009a9a600000,0x0000009a9a700000)]
  0x00000290fdaeb000 JavaThread "jar transforms Thread 38" [_thread_blocked, id=11792, stack(0x0000009a9a500000,0x0000009a9a600000)]
  0x00000290fdade800 JavaThread "jar transforms Thread 37" [_thread_blocked, id=6840, stack(0x0000009a9a400000,0x0000009a9a500000)]
  0x00000290fdae5800 JavaThread "jar transforms Thread 36" [_thread_blocked, id=14580, stack(0x0000009a9a300000,0x0000009a9a400000)]
  0x00000290fdade000 JavaThread "jar transforms Thread 35" [_thread_blocked, id=4372, stack(0x0000009a9a200000,0x0000009a9a300000)]
  0x00000290fdae4800 JavaThread "jar transforms Thread 34" [_thread_blocked, id=7288, stack(0x0000009a9a100000,0x0000009a9a200000)]
  0x00000290fdae2800 JavaThread "jar transforms Thread 33" [_thread_blocked, id=12836, stack(0x0000009a9a000000,0x0000009a9a100000)]
  0x00000290fdadd000 JavaThread "jar transforms Thread 32" [_thread_blocked, id=15984, stack(0x0000009a99f00000,0x0000009a9a000000)]
  0x00000290fdae4000 JavaThread "jar transforms Thread 31" [_thread_blocked, id=16240, stack(0x0000009a99e00000,0x0000009a99f00000)]
  0x00000290fdae1800 JavaThread "jar transforms Thread 30" [_thread_blocked, id=9088, stack(0x0000009a99d00000,0x0000009a99e00000)]
  0x00000290fdae1000 JavaThread "jar transforms Thread 29" [_thread_blocked, id=13944, stack(0x0000009a99c00000,0x0000009a99d00000)]
  0x00000290fdae0000 JavaThread "jar transforms Thread 28" [_thread_blocked, id=11464, stack(0x0000009a99b00000,0x0000009a99c00000)]
  0x00000290fdae3000 JavaThread "jar transforms Thread 27" [_thread_blocked, id=7840, stack(0x0000009a99a00000,0x0000009a99b00000)]
  0x00000290fdadf800 JavaThread "jar transforms Thread 26" [_thread_blocked, id=9132, stack(0x0000009a99900000,0x0000009a99a00000)]
  0x00000290fe63b000 JavaThread "jar transforms Thread 25" [_thread_blocked, id=14436, stack(0x0000009a99800000,0x0000009a99900000)]
  0x00000290fe63a000 JavaThread "jar transforms Thread 24" [_thread_blocked, id=6632, stack(0x0000009a99700000,0x0000009a99800000)]
  0x00000290fe638800 JavaThread "jar transforms Thread 23" [_thread_blocked, id=17040, stack(0x0000009a99600000,0x0000009a99700000)]
  0x00000290fe638000 JavaThread "jar transforms Thread 22" [_thread_blocked, id=9576, stack(0x0000009a99500000,0x0000009a99600000)]
  0x00000290fe63b800 JavaThread "jar transforms Thread 21" [_thread_blocked, id=15372, stack(0x0000009a99400000,0x0000009a99500000)]
  0x00000290fe636800 JavaThread "jar transforms Thread 20" [_thread_blocked, id=11056, stack(0x0000009a99300000,0x0000009a99400000)]
  0x00000290fe639800 JavaThread "jar transforms Thread 19" [_thread_blocked, id=8684, stack(0x0000009a99200000,0x0000009a99300000)]
  0x00000290fe63d000 JavaThread "jar transforms Thread 18" [_thread_blocked, id=8184, stack(0x0000009a99100000,0x0000009a99200000)]
  0x00000290fe637000 JavaThread "jar transforms Thread 17" [_thread_blocked, id=15344, stack(0x0000009a99000000,0x0000009a99100000)]
  0x00000290fe63c800 JavaThread "jar transforms Thread 16" [_thread_blocked, id=13172, stack(0x0000009a98f00000,0x0000009a99000000)]
  0x00000290fa694000 JavaThread "jar transforms Thread 15" [_thread_blocked, id=15176, stack(0x0000009a98e00000,0x0000009a98f00000)]
  0x00000290fa696000 JavaThread "jar transforms Thread 14" [_thread_blocked, id=6340, stack(0x0000009a98d00000,0x0000009a98e00000)]
  0x00000290fa695800 JavaThread "jar transforms Thread 13" [_thread_blocked, id=8060, stack(0x0000009a98c00000,0x0000009a98d00000)]
  0x00000290fa694800 JavaThread "jar transforms Thread 12" [_thread_blocked, id=10220, stack(0x0000009a98b00000,0x0000009a98c00000)]
  0x00000290fa693000 JavaThread "jar transforms Thread 11" [_thread_blocked, id=10804, stack(0x0000009a98a00000,0x0000009a98b00000)]
  0x00000290fa692800 JavaThread "jar transforms Thread 10" [_thread_blocked, id=2096, stack(0x0000009a98900000,0x0000009a98a00000)]
  0x00000290fa691800 JavaThread "jar transforms Thread 9" [_thread_blocked, id=2116, stack(0x0000009a98800000,0x0000009a98900000)]
  0x00000290fa68a000 JavaThread "jar transforms Thread 8" [_thread_blocked, id=6672, stack(0x0000009a98700000,0x0000009a98800000)]
  0x00000290fa691000 JavaThread "jar transforms Thread 7" [_thread_blocked, id=5960, stack(0x0000009a98600000,0x0000009a98700000)]
  0x00000290fa690000 JavaThread "jar transforms Thread 6" [_thread_blocked, id=10592, stack(0x0000009a98500000,0x0000009a98600000)]
  0x00000290fa68f800 JavaThread "jar transforms Thread 5" [_thread_blocked, id=10244, stack(0x0000009a98400000,0x0000009a98500000)]
  0x00000290fa68e800 JavaThread "jar transforms Thread 4" [_thread_blocked, id=11816, stack(0x0000009a98300000,0x0000009a98400000)]
  0x00000290fa687000 JavaThread "jar transforms Thread 3" [_thread_blocked, id=17360, stack(0x0000009a98200000,0x0000009a98300000)]
  0x00000290fa68e000 JavaThread "jar transforms Thread 2" [_thread_blocked, id=12120, stack(0x0000009a98100000,0x0000009a98200000)]
  0x00000290fa689800 JavaThread "Build operations Thread 4" [_thread_blocked, id=11672, stack(0x0000009a98000000,0x0000009a98100000)]
  0x00000290fa68b000 JavaThread "Build operations Thread 3" [_thread_blocked, id=1588, stack(0x0000009a97f00000,0x0000009a98000000)]
  0x00000290fa68c800 JavaThread "Build operations Thread 2" [_thread_blocked, id=2232, stack(0x0000009a97e00000,0x0000009a97f00000)]
  0x00000290fa68b800 JavaThread "Build operations" [_thread_blocked, id=18396, stack(0x0000009a97d00000,0x0000009a97e00000)]
  0x00000290fa688800 JavaThread "Cache worker for Build Output Cleanup Cache (C:\Users\Asus\IdeaProjects\POMUno\.gradle\buildOutputCleanup)" [_thread_blocked, id=15952, stack(0x0000009a97c00000,0x0000009a97d00000)]
  0x00000290fa68d000 JavaThread "Cache worker for file content cache (C:\Users\Asus\.gradle\caches\6.8\fileContent)" [_thread_blocked, id=15632, stack(0x0000009a97b00000,0x0000009a97c00000)]
  0x00000290f96e0000 JavaThread "jar transforms" [_thread_blocked, id=9440, stack(0x0000009a97a00000,0x0000009a97b00000)]
  0x00000290f96e2800 JavaThread "Cache worker for execution history cache (C:\Users\Asus\.gradle\caches\6.8\executionHistory)" [_thread_blocked, id=12656, stack(0x0000009a97900000,0x0000009a97a00000)]
  0x00000290f96df800 JavaThread "Cache worker for cache directory md-rule (C:\Users\Asus\.gradle\caches\6.8\md-rule)" [_thread_blocked, id=6424, stack(0x0000009a97800000,0x0000009a97900000)]
  0x00000290f96e1000 JavaThread "Cache worker for cache directory md-supplier (C:\Users\Asus\.gradle\caches\6.8\md-supplier)" [_thread_blocked, id=2588, stack(0x0000009a97700000,0x0000009a97800000)]
  0x00000290f96e4000 JavaThread "Cache worker for checksums cache (C:\Users\Asus\IdeaProjects\POMUno\.gradle\checksums)" [_thread_blocked, id=5884, stack(0x0000009a97600000,0x0000009a97700000)]
  0x00000290f96e3000 JavaThread "Cache worker for file hash cache (C:\Users\Asus\IdeaProjects\POMUno\.gradle\6.8\fileHashes)" [_thread_blocked, id=15260, stack(0x0000009a97500000,0x0000009a97600000)]
  0x00000290f96e1800 JavaThread "Cache worker for journal cache (C:\Users\Asus\.gradle\caches\journal-1)" [_thread_blocked, id=9236, stack(0x0000009a97400000,0x0000009a97500000)]
  0x00000290f96de800 JavaThread "File lock request listener" [_thread_in_native, id=8308, stack(0x0000009a97300000,0x0000009a97400000)]
  0x00000290f96de000 JavaThread "Cache worker for file hash cache (C:\Users\Asus\.gradle\caches\6.8\fileHashes)" [_thread_blocked, id=6596, stack(0x0000009a97200000,0x0000009a97300000)]
  0x00000290fad92000 JavaThread "Daemon client event forwarder" [_thread_blocked, id=2040, stack(0x0000009a97100000,0x0000009a97200000)]
  0x00000290fad8e000 JavaThread "Stdin handler" [_thread_blocked, id=1000, stack(0x0000009a97000000,0x0000009a97100000)]
  0x00000290fadb6000 JavaThread "Asynchronous log dispatcher for DefaultDaemonConnection: socket connection from /127.0.0.1:65161 to /127.0.0.1:65162" [_thread_blocked, id=15440, stack(0x0000009a96f00000,0x0000009a97000000)]
  0x00000290fad84800 JavaThread "Daemon worker" [_thread_blocked, id=8116, stack(0x0000009a96e00000,0x0000009a96f00000)]
  0x00000290fad83000 JavaThread "Cancel handler" [_thread_blocked, id=15724, stack(0x0000009a96d00000,0x0000009a96e00000)]
  0x00000290fad6f800 JavaThread "Handler for socket connection from /127.0.0.1:65161 to /127.0.0.1:65162" [_thread_in_native, id=11064, stack(0x0000009a96c00000,0x0000009a96d00000)]
  0x00000290fad47800 JavaThread "Daemon" [_thread_blocked, id=2868, stack(0x0000009a96b00000,0x0000009a96c00000)]
  0x00000290fad4e800 JavaThread "Daemon periodic checks" [_thread_blocked, id=17900, stack(0x0000009a96a00000,0x0000009a96b00000)]
  0x00000290fad42000 JavaThread "Incoming local TCP Connector on port 65161" [_thread_in_native, id=6332, stack(0x0000009a96900000,0x0000009a96a00000)]
  0x00000290fac78000 JavaThread "Daemon health stats" [_thread_blocked, id=9588, stack(0x0000009a96600000,0x0000009a96700000)]
  0x00000290f86a6800 JavaThread "Service Thread" daemon [_thread_blocked, id=14096, stack(0x0000009a96400000,0x0000009a96500000)]
  0x00000290f8647000 JavaThread "C1 CompilerThread2" daemon [_thread_blocked, id=8412, stack(0x0000009a96300000,0x0000009a96400000)]
  0x00000290f863e000 JavaThread "C2 CompilerThread1" daemon [_thread_blocked, id=7696, stack(0x0000009a96200000,0x0000009a96300000)]
  0x00000290f863c000 JavaThread "C2 CompilerThread0" daemon [_thread_blocked, id=10840, stack(0x0000009a96100000,0x0000009a96200000)]
  0x00000290f8634000 JavaThread "Attach Listener" daemon [_thread_blocked, id=13264, stack(0x0000009a96000000,0x0000009a96100000)]
  0x00000290f8632000 JavaThread "Signal Dispatcher" daemon [_thread_blocked, id=16376, stack(0x0000009a95f00000,0x0000009a96000000)]
  0x00000290f7ee6800 JavaThread "Finalizer" daemon [_thread_blocked, id=8232, stack(0x0000009a95e00000,0x0000009a95f00000)]
  0x00000290f8616000 JavaThread "Reference Handler" daemon [_thread_blocked, id=7516, stack(0x0000009a95d00000,0x0000009a95e00000)]
  0x00000290e55ad800 JavaThread "main" [_thread_blocked, id=10248, stack(0x0000009a95700000,0x0000009a95800000)]

Other Threads:
=>0x00000290f85f2000 VMThread [stack: 0x0000009a95c00000,0x0000009a95d00000] [id=740]
  0x00000290f86d4000 WatcherThread [stack: 0x0000009a96500000,0x0000009a96600000] [id=16044]

VM state:at safepoint (normal execution)

VM Mutex/Monitor currently owned by a thread:  ([mutex/lock_event])
[0x00000290e55a33b0] Threads_lock - owner thread: 0x00000290f85f2000

heap address: 0x00000000e0000000, size: 512 MB, Compressed Oops mode: 32-bit
Narrow klass base: 0x0000000000000000, Narrow klass shift: 3
Compressed class space size: 1073741824 Address: 0x0000000100000000

Heap:
 PSYoungGen      total 151040K, used 103934K [0x00000000f5580000, 0x0000000100000000, 0x0000000100000000)
  eden space 127488K, 63% used [0x00000000f5580000,0x00000000fa404990,0x00000000fd200000)
  from space 23552K, 99% used [0x00000000fd200000,0x00000000fe8faf18,0x00000000fe900000)
  to   space 23552K, 0% used [0x00000000fe900000,0x00000000fe900000,0x0000000100000000)
 ParOldGen       total 214016K, used 63496K [0x00000000e0000000, 0x00000000ed100000, 0x00000000f5580000)
  object space 214016K, 29% used [0x00000000e0000000,0x00000000e3e02108,0x00000000ed100000)
 Metaspace       used 59641K, capacity 63028K, committed 63360K, reserved 1103872K
  class space    used 8316K, capacity 8986K, committed 9088K, reserved 1048576K

Card table byte_map: [0x00000290e5750000,0x00000290e5860000] byte_map_base: 0x00000290e5050000

Marking Bits: (ParMarkBitMap*) 0x0000000066d07fe0
 Begin Bits: [0x00000290f64f0000, 0x00000290f6cf0000)
 End Bits:   [0x00000290f6cf0000, 0x00000290f74f0000)

Polling page: 0x00000290e5550000

CodeCache: size=245760Kb used=23675Kb max_used=23675Kb free=222084Kb
 bounds [0x00000290e7080000, 0x00000290e87c0000, 0x00000290f6080000]
 total_blobs=7864 nmethods=7075 adapters=701
 compilation: enabled

Compilation events (10 events):
Event: 21.592 Thread 0x00000290f8647000 8204       3       java.nio.DirectByteBuffer::ix (10 bytes)
Event: 21.592 Thread 0x00000290f8647000 nmethod 8204 0x00000290e87b8090 code [0x00000290e87b81e0, 0x00000290e87b8338]
Event: 21.605 Thread 0x00000290f8647000 8205       3       org.gradle.internal.logging.text.AbstractLineChoppingStyledTextOutput::doAppend (43 bytes)
Event: 21.605 Thread 0x00000290f8647000 nmethod 8205 0x00000290e87b83d0 code [0x00000290e87b8580, 0x00000290e87b8a10]
Event: 21.605 Thread 0x00000290f8647000 8206       3       org.gradle.internal.logging.text.AbstractLineChoppingStyledTextOutput$1::execute (9 bytes)
Event: 21.605 Thread 0x00000290f8647000 nmethod 8206 0x00000290e87b8bd0 code [0x00000290e87b8d40, 0x00000290e87b8fb0]
Event: 21.607 Thread 0x00000290f8647000 8207       3       sun.nio.cs.UTF_8$Encoder::encode (359 bytes)
Event: 21.608 Thread 0x00000290f8647000 nmethod 8207 0x00000290e87b9090 code [0x00000290e87b9280, 0x00000290e87b9da0]
Event: 21.609 Thread 0x00000290f8647000 8208       3       sun.reflect.ClassFileAssembler::getMaxLocals (6 bytes)
Event: 21.609 Thread 0x00000290f8647000 nmethod 8208 0x00000290e87ba410 code [0x00000290e87ba560, 0x00000290e87ba6b8]

GC Heap History (10 events):
Event: 10.431 GC heap before
{Heap before GC invocations=10 (full 2):
 PSYoungGen      total 152576K, used 152371K [0x00000000f5580000, 0x00000000ffe00000, 0x0000000100000000)
  eden space 143872K, 100% used [0x00000000f5580000,0x00000000fe200000,0x00000000fe200000)
  from space 8704K, 97% used [0x00000000fe200000,0x00000000fea4ccb8,0x00000000fea80000)
  to   space 14336K, 0% used [0x00000000ff000000,0x00000000ff000000,0x00000000ffe00000)
 ParOldGen       total 175104K, used 14724K [0x00000000e0000000, 0x00000000eab00000, 0x00000000f5580000)
  object space 175104K, 8% used [0x00000000e0000000,0x00000000e0e612c8,0x00000000eab00000)
 Metaspace       used 48228K, capacity 50426K, committed 50688K, reserved 1093632K
  class space    used 6666K, capacity 7075K, committed 7168K, reserved 1048576K
Event: 10.452 GC heap after
Heap after GC invocations=10 (full 2):
 PSYoungGen      total 155136K, used 14307K [0x00000000f5580000, 0x0000000100000000, 0x0000000100000000)
  eden space 140800K, 0% used [0x00000000f5580000,0x00000000f5580000,0x00000000fdf00000)
  from space 14336K, 99% used [0x00000000ff000000,0x00000000ffdf8dc0,0x00000000ffe00000)
  to   space 16896K, 0% used [0x00000000fdf00000,0x00000000fdf00000,0x00000000fef80000)
 ParOldGen       total 175104K, used 16344K [0x00000000e0000000, 0x00000000eab00000, 0x00000000f5580000)
  object space 175104K, 9% used [0x00000000e0000000,0x00000000e0ff61d0,0x00000000eab00000)
 Metaspace       used 48228K, capacity 50426K, committed 50688K, reserved 1093632K
  class space    used 6666K, capacity 7075K, committed 7168K, reserved 1048576K
}
Event: 13.492 GC heap before
{Heap before GC invocations=11 (full 2):
 PSYoungGen      total 155136K, used 155107K [0x00000000f5580000, 0x0000000100000000, 0x0000000100000000)
  eden space 140800K, 100% used [0x00000000f5580000,0x00000000fdf00000,0x00000000fdf00000)
  from space 14336K, 99% used [0x00000000ff000000,0x00000000ffdf8dc0,0x00000000ffe00000)
  to   space 16896K, 0% used [0x00000000fdf00000,0x00000000fdf00000,0x00000000fef80000)
 ParOldGen       total 175104K, used 16344K [0x00000000e0000000, 0x00000000eab00000, 0x00000000f5580000)
  object space 175104K, 9% used [0x00000000e0000000,0x00000000e0ff61d0,0x00000000eab00000)
 Metaspace       used 55742K, capacity 58782K, committed 59008K, reserved 1099776K
  class space    used 7860K, capacity 8457K, committed 8576K, reserved 1048576K
Event: 13.535 GC heap after
Heap after GC invocations=11 (full 2):
 PSYoungGen      total 157696K, used 16865K [0x00000000f5580000, 0x0000000100000000, 0x0000000100000000)
  eden space 140800K, 0% used [0x00000000f5580000,0x00000000f5580000,0x00000000fdf00000)
  from space 16896K, 99% used [0x00000000fdf00000,0x00000000fef784e0,0x00000000fef80000)
  to   space 16896K, 0% used [0x00000000fef80000,0x00000000fef80000,0x0000000100000000)
 ParOldGen       total 175104K, used 28413K [0x00000000e0000000, 0x00000000eab00000, 0x00000000f5580000)
  object space 175104K, 16% used [0x00000000e0000000,0x00000000e1bbf550,0x00000000eab00000)
 Metaspace       used 55742K, capacity 58782K, committed 59008K, reserved 1099776K
  class space    used 7860K, capacity 8457K, committed 8576K, reserved 1048576K
}
Event: 13.753 GC heap before
{Heap before GC invocations=12 (full 2):
 PSYoungGen      total 157696K, used 32162K [0x00000000f5580000, 0x0000000100000000, 0x0000000100000000)
  eden space 140800K, 10% used [0x00000000f5580000,0x00000000f6470490,0x00000000fdf00000)
  from space 16896K, 99% used [0x00000000fdf00000,0x00000000fef784e0,0x00000000fef80000)
  to   space 16896K, 0% used [0x00000000fef80000,0x00000000fef80000,0x0000000100000000)
 ParOldGen       total 175104K, used 28413K [0x00000000e0000000, 0x00000000eab00000, 0x00000000f5580000)
  object space 175104K, 16% used [0x00000000e0000000,0x00000000e1bbf550,0x00000000eab00000)
 Metaspace       used 55915K, capacity 58974K, committed 59160K, reserved 1099776K
  class space    used 7875K, capacity 8457K, committed 8576K, reserved 1048576K
Event: 13.774 GC heap after
Heap after GC invocations=12 (full 2):
 PSYoungGen      total 144384K, used 14179K [0x00000000f5580000, 0x0000000100000000, 0x0000000100000000)
  eden space 127488K, 0% used [0x00000000f5580000,0x00000000f5580000,0x00000000fd200000)
  from space 16896K, 83% used [0x00000000fef80000,0x00000000ffd58e48,0x0000000100000000)
  to   space 23552K, 0% used [0x00000000fd200000,0x00000000fd200000,0x00000000fe900000)
 ParOldGen       total 175104K, used 37686K [0x00000000e0000000, 0x00000000eab00000, 0x00000000f5580000)
  object space 175104K, 21% used [0x00000000e0000000,0x00000000e24cd960,0x00000000eab00000)
 Metaspace       used 55915K, capacity 58974K, committed 59160K, reserved 1099776K
  class space    used 7875K, capacity 8457K, committed 8576K, reserved 1048576K
}
Event: 13.774 GC heap before
{Heap before GC invocations=13 (full 3):
 PSYoungGen      total 144384K, used 14179K [0x00000000f5580000, 0x0000000100000000, 0x0000000100000000)
  eden space 127488K, 0% used [0x00000000f5580000,0x00000000f5580000,0x00000000fd200000)
  from space 16896K, 83% used [0x00000000fef80000,0x00000000ffd58e48,0x0000000100000000)
  to   space 23552K, 0% used [0x00000000fd200000,0x00000000fd200000,0x00000000fe900000)
 ParOldGen       total 175104K, used 37686K [0x00000000e0000000, 0x00000000eab00000, 0x00000000f5580000)
  object space 175104K, 21% used [0x00000000e0000000,0x00000000e24cd960,0x00000000eab00000)
 Metaspace       used 55915K, capacity 58974K, committed 59160K, reserved 1099776K
  class space    used 7875K, capacity 8457K, committed 8576K, reserved 1048576K
Event: 14.288 GC heap after
Heap after GC invocations=13 (full 3):
 PSYoungGen      total 144384K, used 0K [0x00000000f5580000, 0x0000000100000000, 0x0000000100000000)
  eden space 127488K, 0% used [0x00000000f5580000,0x00000000f5580000,0x00000000fd200000)
  from space 16896K, 0% used [0x00000000fef80000,0x00000000fef80000,0x0000000100000000)
  to   space 23552K, 0% used [0x00000000fd200000,0x00000000fd200000,0x00000000fe900000)
 ParOldGen       total 214016K, used 47767K [0x00000000e0000000, 0x00000000ed100000, 0x00000000f5580000)
  object space 214016K, 22% used [0x00000000e0000000,0x00000000e2ea5c88,0x00000000ed100000)
 Metaspace       used 55904K, capacity 58938K, committed 59160K, reserved 1099776K
  class space    used 7871K, capacity 8451K, committed 8576K, reserved 1048576K
}
Event: 16.272 GC heap before
{Heap before GC invocations=14 (full 3):
 PSYoungGen      total 144384K, used 127488K [0x00000000f5580000, 0x0000000100000000, 0x0000000100000000)
  eden space 127488K, 100% used [0x00000000f5580000,0x00000000fd200000,0x00000000fd200000)
  from space 16896K, 0% used [0x00000000fef80000,0x00000000fef80000,0x0000000100000000)
  to   space 23552K, 0% used [0x00000000fd200000,0x00000000fd200000,0x00000000fe900000)
 ParOldGen       total 214016K, used 47767K [0x00000000e0000000, 0x00000000ed100000, 0x00000000f5580000)
  object space 214016K, 22% used [0x00000000e0000000,0x00000000e2ea5c88,0x00000000ed100000)
 Metaspace       used 58108K, capacity 61234K, committed 61568K, reserved 1101824K
  class space    used 8101K, capacity 8729K, committed 8832K, reserved 1048576K
Event: 16.305 GC heap after
Heap after GC invocations=14 (full 3):
 PSYoungGen      total 151040K, used 23531K [0x00000000f5580000, 0x0000000100000000, 0x0000000100000000)
  eden space 127488K, 0% used [0x00000000f5580000,0x00000000f5580000,0x00000000fd200000)
  from space 23552K, 99% used [0x00000000fd200000,0x00000000fe8faf18,0x00000000fe900000)
  to   space 23552K, 0% used [0x00000000fe900000,0x00000000fe900000,0x0000000100000000)
 ParOldGen       total 214016K, used 63496K [0x00000000e0000000, 0x00000000ed100000, 0x00000000f5580000)
  object space 214016K, 29% used [0x00000000e0000000,0x00000000e3e02108,0x00000000ed100000)
 Metaspace       used 58108K, capacity 61234K, committed 61568K, reserved 1101824K
  class space    used 8101K, capacity 8729K, committed 8832K, reserved 1048576K
}

Deoptimization events (10 events):
Event: 17.254 Thread 0x00000290fde86000 Uncommon trap: reason=class_check action=maybe_recompile pc=0x00000290e76bb844 method=java.io.DataOutputStream.write(I)V @ 5
Event: 17.720 Thread 0x00000290fde91000 Uncommon trap: reason=unstable_if action=reinterpret pc=0x00000290e80b27c4 method=java.util.concurrent.locks.ReentrantLock$Sync.nonfairTryAcquire(I)Z @ 19
Event: 21.270 Thread 0x00000290fde8c800 Uncommon trap: reason=unstable_if action=reinterpret pc=0x00000290e729c358 method=sun.nio.cs.UTF_8$Encoder.encode([CII[B)I @ 33
Event: 21.524 Thread 0x00000290fde90800 Uncommon trap: reason=unstable_if action=reinterpret pc=0x00000290e7d73958 method=org.gradle.internal.logging.text.AbstractLineChoppingStyledTextOutput$2.execute(Lorg/gradle/internal/logging/text/AbstractLineChoppingStyledTextOutput$StateContext;)V @ 30
Event: 21.525 Thread 0x00000290fde90800 Uncommon trap: reason=unstable_if action=reinterpret pc=0x00000290e8760278 method=org.gradle.internal.logging.text.AbstractLineChoppingStyledTextOutput$2.execute(Lorg/gradle/internal/logging/text/AbstractLineChoppingStyledTextOutput$StateContext;)V @ 30
Event: 21.526 Thread 0x00000290fde90800 Uncommon trap: reason=unstable_if action=reinterpret pc=0x00000290e71bf5a4 method=org.gradle.internal.logging.text.AbstractLineChoppingStyledTextOutput$2.execute(Lorg/gradle/internal/logging/text/AbstractLineChoppingStyledTextOutput$StateContext;)V @ 30
Event: 21.603 Thread 0x00000290fde95000 Uncommon trap: reason=unloaded action=reinterpret pc=0x00000290e85ac580 method=com.esotericsoftware.kryo.io.Input.fill([BII)I @ 22
Event: 21.603 Thread 0x00000290fde90800 Uncommon trap: reason=unstable_if action=reinterpret pc=0x00000290e74eae7c method=java.util.concurrent.SynchronousQueue$TransferStack.awaitFulfill(Ljava/util/concurrent/SynchronousQueue$TransferStack$SNode;ZJ)Ljava/util/concurrent/SynchronousQueue$Transfe
Event: 21.603 Thread 0x00000290fde95000 Uncommon trap: reason=class_check action=maybe_recompile pc=0x00000290e7aed254 method=java.lang.Throwable.<init>(Ljava/lang/String;Ljava/lang/Throwable;)V @ 24
Event: 21.604 Thread 0x00000290fde92800 Uncommon trap: reason=class_check action=maybe_recompile pc=0x00000290e7aed254 method=java.lang.Throwable.<init>(Ljava/lang/String;Ljava/lang/Throwable;)V @ 24

Classes redefined (0 events):
No events

Internal exceptions (10 events):
Event: 20.390 Thread 0x00000290fde8c800 Exception <a 'java/lang/ClassNotFoundException': [BBeanInfo> (0x00000000fa157340) thrown at [C:\jenkins\workspace\8-2-build-windows-amd64-cygwin\jdk8u291\1294\hotspot\src\share\vm\prims\jni.cpp, line 737]
Event: 20.390 Thread 0x00000290fde8c800 Exception <a 'java/lang/ClassNotFoundException': [BBeanInfo> (0x00000000fa157d30) thrown at [C:\jenkins\workspace\8-2-build-windows-amd64-cygwin\jdk8u291\1294\hotspot\src\share\vm\prims\jni.cpp, line 737]
Event: 20.390 Thread 0x00000290fde8c800 Exception <a 'java/lang/ClassNotFoundException': [BCustomizer> (0x00000000fa158828) thrown at [C:\jenkins\workspace\8-2-build-windows-amd64-cygwin\jdk8u291\1294\hotspot\src\share\vm\prims\jni.cpp, line 737]
Event: 20.390 Thread 0x00000290fde8c800 Exception <a 'java/lang/ClassNotFoundException': [BCustomizer> (0x00000000fa159218) thrown at [C:\jenkins\workspace\8-2-build-windows-amd64-cygwin\jdk8u291\1294\hotspot\src\share\vm\prims\jni.cpp, line 737]
Event: 20.393 Thread 0x00000290fde8c800 Exception <a 'java/lang/ClassNotFoundException': org/codehaus/groovy/runtime/EncodingGroovyMethods$1BeanInfo> (0x00000000fa1ac0c0) thrown at [C:\jenkins\workspace\8-2-build-windows-amd64-cygwin\jdk8u291\1294\hotspot\src\share\vm\classfile\systemDictionary
Event: 20.394 Thread 0x00000290fde8c800 Exception <a 'java/lang/ClassNotFoundException': org/codehaus/groovy/runtime/EncodingGroovyMethods$1Customizer> (0x00000000fa1dd3c0) thrown at [C:\jenkins\workspace\8-2-build-windows-amd64-cygwin\jdk8u291\1294\hotspot\src\share\vm\classfile\systemDictiona
Event: 20.400 Thread 0x00000290fde8c800 Exception <a 'java/lang/ClassNotFoundException': groovy/xml/MarkupBuilderHelperBeanInfo> (0x00000000fa245478) thrown at [C:\jenkins\workspace\8-2-build-windows-amd64-cygwin\jdk8u291\1294\hotspot\src\share\vm\classfile\systemDictionary.cpp, line 212]
Event: 20.401 Thread 0x00000290fde8c800 Exception <a 'java/lang/ClassNotFoundException': groovy/xml/MarkupBuilderHelperCustomizer> (0x00000000fa26b000) thrown at [C:\jenkins\workspace\8-2-build-windows-amd64-cygwin\jdk8u291\1294\hotspot\src\share\vm\classfile\systemDictionary.cpp, line 212]
Event: 21.603 Thread 0x00000290fde95000 Exception <a 'java/io/IOException'> (0x00000000f9f950d0) thrown at [C:\jenkins\workspace\8-2-build-windows-amd64-cygwin\jdk8u291\1294\hotspot\src\share\vm\prims\jni.cpp, line 710]
Event: 21.604 Thread 0x00000290fde92800 Exception <a 'java/io/IOException'> (0x00000000f9f7fee0) thrown at [C:\jenkins\workspace\8-2-build-windows-amd64-cygwin\jdk8u291\1294\hotspot\src\share\vm\prims\jni.cpp, line 710]

Events (10 events):
Event: 21.604 Thread 0x00000290fde92800 Uncommon trap: trap_request=0xffffffde fr.pc=0x00000290e7aed254
Event: 21.604 Thread 0x00000290fde92800 DEOPT PACKING pc=0x00000290e7aed254 sp=0x0000009aa3cfeb00
Event: 21.604 Thread 0x00000290fde92800 DEOPT UNPACKING pc=0x00000290e70c5843 sp=0x0000009aa3cfead0 mode 2
Event: 21.604 loading class java/lang/Throwable$PrintStreamOrWriter done
Event: 21.604 loading class java/lang/Throwable$WrappedPrintWriter done
Event: 21.606 loading class org/gradle/internal/serialize/Message
Event: 21.606 loading class org/gradle/internal/serialize/Message done
Event: 21.607 loading class org/gradle/internal/serialize/ExceptionReplacingObjectOutputStream$1
Event: 21.607 loading class org/gradle/internal/serialize/ExceptionReplacingObjectOutputStream$1 done
Event: 21.609 Executing VM operation: BulkRevokeBias


Dynamic libraries:
0x00007ff679620000 - 0x00007ff679667000 	C:\Program Files\Java\jdk1.8.0_291\bin\java.exe
0x00007fff72fd0000 - 0x00007fff731c5000 	C:\WINDOWS\SYSTEM32\ntdll.dll
0x00007fff71430000 - 0x00007fff714ed000 	C:\WINDOWS\System32\KERNEL32.DLL
0x00007fff70710000 - 0x00007fff709d8000 	C:\WINDOWS\System32\KERNELBASE.dll
0x00007fff71180000 - 0x00007fff7122c000 	C:\WINDOWS\System32\ADVAPI32.dll
0x00007fff71d80000 - 0x00007fff71e1e000 	C:\WINDOWS\System32\msvcrt.dll
0x00007fff72ef0000 - 0x00007fff72f8b000 	C:\WINDOWS\System32\sechost.dll
0x00007fff71960000 - 0x00007fff71a8b000 	C:\WINDOWS\System32\RPCRT4.dll
0x00007fff71260000 - 0x00007fff71400000 	C:\WINDOWS\System32\USER32.dll
0x00007fff70a90000 - 0x00007fff70ab2000 	C:\WINDOWS\System32\win32u.dll
0x00007fff71230000 - 0x00007fff7125a000 	C:\WINDOWS\System32\GDI32.dll
0x00007fff70c70000 - 0x00007fff70d7b000 	C:\WINDOWS\System32\gdi32full.dll
0x00007fff70b20000 - 0x00007fff70bbd000 	C:\WINDOWS\System32\msvcp_win.dll
0x00007fff70d80000 - 0x00007fff70e80000 	C:\WINDOWS\System32\ucrtbase.dll
0x00007fff561c0000 - 0x00007fff5645a000 	C:\WINDOWS\WinSxS\amd64_microsoft.windows.common-controls_6595b64144ccf1df_6.0.19041.844_none_ca00b6081b84eb1d\COMCTL32.dll
0x00007fff72470000 - 0x00007fff724a0000 	C:\WINDOWS\System32\IMM32.DLL
0x00007fff660b0000 - 0x00007fff660c5000 	C:\Program Files\Java\jdk1.8.0_291\jre\bin\vcruntime140.dll
0x00007fff4e680000 - 0x00007fff4e71b000 	C:\Program Files\Java\jdk1.8.0_291\jre\bin\msvcp140.dll
0x0000000066520000 - 0x0000000066d80000 	C:\Program Files\Java\jdk1.8.0_291\jre\bin\server\jvm.dll
0x00007fff724a0000 - 0x00007fff724a8000 	C:\WINDOWS\System32\PSAPI.DLL
0x00007fff61730000 - 0x00007fff61739000 	C:\WINDOWS\SYSTEM32\WSOCK32.dll
0x00007fff69590000 - 0x00007fff6959a000 	C:\WINDOWS\SYSTEM32\VERSION.dll
0x00007fff71c60000 - 0x00007fff71ccb000 	C:\WINDOWS\System32\WS2_32.dll
0x00007fff65f10000 - 0x00007fff65f37000 	C:\WINDOWS\SYSTEM32\WINMM.dll
0x00007fff6efe0000 - 0x00007fff6eff2000 	C:\WINDOWS\SYSTEM32\kernel.appcore.dll
0x00007fff68af0000 - 0x00007fff68b00000 	C:\Program Files\Java\jdk1.8.0_291\jre\bin\verify.dll
0x00007fff62fe0000 - 0x00007fff6300b000 	C:\Program Files\Java\jdk1.8.0_291\jre\bin\java.dll
0x00007fff62fc0000 - 0x00007fff62fd8000 	C:\Program Files\Java\jdk1.8.0_291\jre\bin\zip.dll
0x00007fff72610000 - 0x00007fff72d52000 	C:\WINDOWS\System32\SHELL32.dll
0x00007fff6e690000 - 0x00007fff6ee20000 	C:\WINDOWS\SYSTEM32\windows.storage.dll
0x00007fff72110000 - 0x00007fff72465000 	C:\WINDOWS\System32\combase.dll
0x00007fff70180000 - 0x00007fff701ac000 	C:\WINDOWS\SYSTEM32\Wldp.dll
0x00007fff71cd0000 - 0x00007fff71d7e000 	C:\WINDOWS\System32\SHCORE.dll
0x00007fff71030000 - 0x00007fff71085000 	C:\WINDOWS\System32\shlwapi.dll
0x00007fff70650000 - 0x00007fff7066f000 	C:\WINDOWS\SYSTEM32\profapi.dll
0x00007fff62fa0000 - 0x00007fff62fbc000 	C:\Program Files\Java\jdk1.8.0_291\jre\bin\net.dll
0x00007fff6fef0000 - 0x00007fff6ff5a000 	C:\WINDOWS\system32\mswsock.dll
0x00007fff62ad0000 - 0x00007fff62ae3000 	C:\Program Files\Java\jdk1.8.0_291\jre\bin\nio.dll
0x00007fff63e20000 - 0x00007fff63e47000 	C:\Users\Asus\.gradle\native\fdc75f09e3144964f2cf3f50f0aa648679c211496f362492102eb8c894070792\windows-amd64\native-platform.dll
0x00007fff41450000 - 0x00007fff415e6000 	C:\Users\Asus\.gradle\native\12488b8bf47d2d4c9fbf2f6322a914ad602e24e48041cd04a747c6da556b65c4\windows-amd64\native-platform-file-events.dll
0x00007fff660a0000 - 0x00007fff660ad000 	C:\Program Files\Java\jdk1.8.0_291\jre\bin\management.dll
0x00007fff700d0000 - 0x00007fff700e8000 	C:\WINDOWS\SYSTEM32\CRYPTSP.dll
0x00007fff6f820000 - 0x00007fff6f854000 	C:\WINDOWS\system32\rsaenh.dll
0x00007fff70c40000 - 0x00007fff70c67000 	C:\WINDOWS\System32\bcrypt.dll
0x00007fff70610000 - 0x00007fff7063e000 	C:\WINDOWS\SYSTEM32\USERENV.dll
0x00007fff70bc0000 - 0x00007fff70c40000 	C:\WINDOWS\System32\bcryptprimitives.dll
0x00007fff700c0000 - 0x00007fff700cc000 	C:\WINDOWS\SYSTEM32\CRYPTBASE.dll
0x00007fff6fb90000 - 0x00007fff6fbcb000 	C:\WINDOWS\SYSTEM32\IPHLPAPI.DLL
0x00007fff72600000 - 0x00007fff72608000 	C:\WINDOWS\System32\NSI.dll
0x00007fff66ba0000 - 0x00007fff66bb7000 	C:\WINDOWS\SYSTEM32\dhcpcsvc6.DLL
0x00007fff66f20000 - 0x00007fff66f3d000 	C:\WINDOWS\SYSTEM32\dhcpcsvc.DLL
0x00007fff6fbe0000 - 0x00007fff6fcac000 	C:\WINDOWS\SYSTEM32\DNSAPI.dll
0x00007fff67960000 - 0x00007fff6796b000 	C:\WINDOWS\SYSTEM32\WINNSI.DLL
0x00007fff6e4a0000 - 0x00007fff6e684000 	C:\WINDOWS\SYSTEM32\dbghelp.dll

VM Arguments:
jvm_args: -XX:MaxMetaspaceSize=256m -XX:+HeapDumpOnOutOfMemoryError -Xms256m -Xmx512m -Dfile.encoding=windows-1252 -Duser.country=CO -Duser.language=es -Duser.variant 
java_command: org.gradle.launcher.daemon.bootstrap.GradleDaemon 6.8
java_class_path (initial): C:\Users\Asus\.gradle\wrapper\dists\gradle-6.8-bin\1jblhjyydfkclfzx1agp92nyl\gradle-6.8\lib\gradle-launcher-6.8.jar
Launcher Type: SUN_STANDARD

Environment Variables:
JAVA_HOME=C:\Program Files\Java\jdk1.8.0_291
PATH=C:\Program Files (x86)\Common Files\Oracle\Java\javapath;C:\WINDOWS\system32;C:\WINDOWS;C:\WINDOWS\System32\Wbem;C:\WINDOWS\System32\WindowsPowerShell\v1.0\;C:\WINDOWS\System32\OpenSSH\;C:\Gradle\gradle-6.7.1\bin;C:\Program Files\Java\jdk1.8.0_291;C:\Program Files\Java\jdk1.8.0_291\bin;C:\Users\Asus\AppData\Local\Microsoft\WindowsApps;
USERNAME=Asus
OS=Windows_NT
PROCESSOR_IDENTIFIER=Intel64 Family 6 Model 142 Stepping 9, GenuineIntel



---------------  S Y S T E M  ---------------

OS: Windows 10.0 , 64 bit Build 19041 (10.0.19041.928)

CPU:total 4 (initial active 4) (2 cores per cpu, 2 threads per core) family 6 model 142 stepping 9, cmov, cx8, fxsr, mmx, sse, sse2, sse3, ssse3, sse4.1, sse4.2, popcnt, avx, avx2, aes, clmul, erms, 3dnowpref, lzcnt, ht, tsc, tscinvbit, bmi1, bmi2, adx

Memory: 4k page, physical 4070740k(749152k free), swap 16653652k(317736k free)

vm_info: Java HotSpot(TM) 64-Bit Server VM (25.291-b10) for windows-amd64 JRE (1.8.0_291-b10), built on Apr  9 2021 00:02:00 by "java_re" with MS VC++ 15.9 (VS2017)

time: Wed Jun  2 23:37:23 2021
timezone: Hora est. Pacfico, Sudamrica
elapsed time: 21.644668 seconds (0d 0h 0m 21s)

